124264.0
105022.0
122062.0
77666.0
115552.0
75832.0
109186.0
70426.0
74921.0
89006.0
38066.0
124264.0
36616.0
109186.0
86117.0
100922.0
71317.0
64301.0
34471.0
113414.0
90952.0
36616.0
100922.0
79516.0
110237.0
97889.0
55072.0
75832.0
111292.0
50242.0
35182.0
51037.0
60889.0
124264.0
52639.0
64301.0
108139.0
100922.0
122062.0
118789.0
46327.0
57541.0
48664.0
70426.0
95887.0
103991.0
90952.0
106057.0
38797.0
48664.0
93901.0
55891.0
51836.0
44434.0
108050.0
47482.0
54574.0
36382.0
120794.0
108050.0
120794.0
46714.0
39982.0
90982.0
61150.0
73274.0
93910.0
76882.0
121882.0
41450.0
65390.0
95882.0
112234.0
38530.0
75070.0
97870.0
52174.0
107014.0
110134.0
66250.0
36382.0
74170.0
95882.0
119710.0
110134.0
75974.0
96874.0
72382.0
104954.0
86182.0
115414.0
49810.0
42934.0
36382.0
89050.0
108050.0
48254.0
36382.0
115414.0
47482.0
45950.0
55382.0
107014.0
115414.0
116482.0
48254.0
42934.0
113290.0
99874.0
51975.0
103015.0
116301.0
66375.0
107031.0
100045.0
88525.0
113175.0
55063.0
34125.0
47463.0
64711.0
36813.0
35461.0
66375.0
119463.0
35461.0
48205.0
46725.0
67213.0
49701.0
45991.0
74935.0
93255.0
101031.0
91351.0
85735.0
89463.0
67213.0
58215.0
119463.0
80263.0
42381.0
58215.0
58215.0
98085.0
74061.0
51213.0
55063.0
45991.0
111111.0
44535.0
80263.0
63063.0
80263.0
92301.0
116301.0
43095.0
86661.0
118405.0
74061.0
47463.0
55063.0
116301.0
45261.0
70605.0
38871.0
116301.0
91351.0
104013.0
80263.0
49701.0
111111.0
114213.0
96141.0
103015.0
69751.0
51213.0
110085.0
41854.5
94654.5
117622.5
80104.5
82942.5
115454.5
79166.5
58696.5
103816.5
65576.5
93656.5
45704.5
64702.5
100726.5
80104.5
104854.5
92662.5
72712.5
124222.5
91672.5
51262.5
53704.5
96662.5
38846.5
84854.5
120904.5
42616.5
59542.5
76376.5
37366.5
61246.5
87752.5
77302.5
57016.5
70006.5
65576.5
92662.5
35176.5
102782.5
125336.5
66454.5
68222.5
76376.5
103816.5
59542.5
59542.5
39592.5
76376.5
62966.5
94654.5
100726.5
42616.5
50456.5
120904.5
42616.5
48856.5
120904.5
60392.5
57854.5
45704.5
52072.5
37366.5
62104.5
45704.5
35902.5
72712.5
63832.5
52886.5
49654.5
66454.5
63832.5
57016.5
44152.5
88670.0
112550.0
36254.0
38345.0
74030.0
77594.0
42635.0
36254.0
48579.0
40472.0
88670.0
90572.0
75804.0
88670.0
66245.0
98340.0
110472.0
44097.0
55572.0
42635.0
44834.0
60414.0
53990.0
43364.0
93455.0
52424.0
85847.0
54779.0
86784.0
36254.0
96374.0
44834.0
101319.0
57170.0
47069.0
87725.0
85847.0
47069.0
85847.0
53205.0
58784.0
105347.0
45575.0
105347.0
61235.0
44834.0
108410.0
68804.0
87725.0
44834.0
112550.0
36947.0
69665.0
57975.0
47822.0
81222.0
111509.0
33522.0
98340.0
102320.0
39759.0
92490.0
70530.0
79400.0
89619.0
50105.0
75804.0
67947.0
70530.0
106364.0
35565.0
66245.0
33522.0
81222.0
76697.0
82139.0
94741.5
107611.5
57781.5
45557.5
115867.5
74501.5
42661.5
60187.5
90917.5
87157.5
88091.5
117971.5
44101.5
50021.5
106597.5
41947.5
60997.5
71891.5
87157.5
79829.5
99611.5
92821.5
35701.5
66779.5
56197.5
37747.5
63451.5
43379.5
44101.5
96677.5
104581.5
50021.5
105587.5
103579.5
66779.5
33691.5
44827.5
42661.5
67621.5
59381.5
105587.5
103579.5
60997.5
96677.5
37061.5
86227.5
72757.5
101587.5
34357.5
64277.5
93779.5
114821.5
54629.5
51541.5
56987.5
50779.5
66779.5
81637.5
54629.5
59381.5
89029.5
94741.5
63451.5
66779.5
102581.5
115867.5
65941.5
94741.5
73627.5
56987.5
45557.5
78931.5
39131.5
58579.5
65941.5
108629.5
91867.5
56197.5
54629.5
52307.5
81637.5
113779.5
42661.5
109651.5
73322.5
69786.5
118586.5
95882.5
95882.5
37946.5
84314.5
106992.5
108026.5
56282.5
116442.5
102896.5
74216.5
43056.5
51482.5
97866.5
54666.5
76922.5
119664.5
73322.5
121832.5
104936.5
51482.5
43056.5
81512.5
75114.5
62906.5
84314.5
124016.5
61226.5
70664.5
48362.5
38664.5
101882.5
89064.5
124016.5
53864.5
82442.5
109064.5
66314.5
119664.5
96872.5
100872.5
115376.5
55472.5
86202.5
125114.5
52272.5
82442.5
59562.5
57096.5
35816.5
50696.5
76922.5
51482.5
69786.5
125114.5
97866.5
125114.5
115376.5
57914.5
104936.5
50696.5
117512.5
97866.5
93914.5
112202.5
83376.5
98864.5
75114.5
105962.5
82442.5
86202.5
49136.5
60392.5
56282.5
69786.5
111152.5
41576.5
59562.5
57914.5
108026.5
37946.5
82442.5
115376.5
57914.5
57096.5
46064.5
84314.5
68912.5
46064.5
39386.5
71546.5
101882.5
104936.5
115376.5
62589.5
38285.5
56765.5
78465.5
54329.5
55137.5
73925.5
68609.5
65145.5
37565.5
102665.5
77549.5
123825.5
66869.5
77549.5
61745.5
96629.5
55137.5
39009.5
69485.5
104709.5
60069.5
126029.5
56765.5
105737.5
49565.5
89769.5
122729.5
121637.5
62589.5
58409.5
80309.5
53525.5
85937.5
120549.5
116237.5
74825.5
57585.5
63437.5
51929.5
57585.5
73029.5
116237.5
55137.5
53525.5
71249.5
127137.5
76637.5
75729.5
115169.5
67737.5
55137.5
89769.5
115169.5
73925.5
64176.5
37776.5
86112.5
53256.5
37044.5
111412.5
51636.5
107196.5
90972.5
103044.5
45316.5
83244.5
66792.5
100992.5
36316.5
72132.5
43012.5
118944.5
60744.5
72132.5
127792.5
36316.5
102016.5
70336.5
37044.5
103044.5
123336.5
58212.5
64176.5
40744.5
84196.5
109296.5
123336.5
65044.5
70336.5
42252.5
92944.5
126672.5
76692.5
117856.5
69444.5
54072.5
98956.5
103044.5
71232.5
65044.5
38512.5
116772.5
47656.5
124444.5
43776.5
77616.5
37044.5
53256.5
61596.5
84196.5
77616.5
65044.5
52444.5
117856.5
75772.5
48444.5
104076.5
39252.5
43776.5
128916.5
52444.5
89992.5
59052.5
49236.5
112476.5
86112.5
124444.5
50032.5
89016.5
93936.5
39252.5
60744.5
74856.5
64176.5
115692.5
74856.5
88044.5
89016.5
64176.5
55716.5
114616.5
46872.5
43012.5
62452.5
95932.5
93184.0
75004.0
41335.0
82084.0
81185.0
116069.0
82084.0
83894.0
62419.0
47039.0
39262.0
97979.0
99925.0
39949.0
89420.0
46312.0
85720.0
46312.0
63230.0
48505.0
86639.0
40640.0
89420.0
47770.0
64045.0
49987.0
46312.0
74137.0
84805.0
60809.0
49987.0
69019.0
56075.0
78512.0
57637.0
45589.0
59215.0
97979.0
92237.0
68180.0
77629.0
38579.0
113995.0
50734.0
108880.0
79399.0
106862.0
45589.0
111937.0
98950.0
44870.0
90355.0
60809.0
40640.0
60010.0
34565.0
49244.0
68180.0
39949.0
103865.0
40640.0
84805.0
52999.0
38579.0
66514.0
48505.0
50734.0
92237.0
45589.0
106862.0
95090.0
82084.0
77629.0
53762.0
35224.0
34565.0
80290.0
35224.0
41335.0
54529.0
67345.0
50734.0
40640.0
90355.0
85720.0
37900.0
69862.0
64045.0
104860.0
106862.0
53762.0
104860.0
60809.0
98950.0
75004.0
92682.5
88894.5
77914.5
96534.5
104430.5
45474.5
44020.5
92682.5
44745.5
91729.5
46944.5
41160.5
114660.5
76140.5
108474.5
42582.5
36990.5
78807.5
56889.5
59280.5
72640.5
92682.5
50689.5
105435.5
100450.5
47685.5
62524.5
74382.5
41160.5
46944.5
34959.5
48430.5
109495.5
91729.5
112582.5
107457.5
95565.5
67510.5
36309.5
36309.5
46207.5
71775.5
106444.5
60894.5
106444.5
109495.5
49179.5
117807.5
101439.5
90780.5
34290.5
81510.5
38364.5
46207.5
109495.5
97507.5
51450.5
82419.5
63345.5
91729.5
63345.5
59280.5
47685.5
34959.5
117807.5
93639.5
33625.5
103429.5
102432.5
103429.5
68355.5
69204.5
52215.5
89835.5
112582.5
117807.5
64170.5
111549.5
51450.5
80605.5
51450.5
107457.5
98484.5
33625.5
92682.5
110520.5
111549.5
101439.5
