Y
AxAy(PzvfxygxyI(NQ))
Y
AxAy(PzvfxygxyI(NQ))
Y
AxAy(PhzzvfxygxyI(NQ))
N
Y
(AxAw(PfeI(QceIAxTheheuceux))IAy(N(N(AvQacIAxSbfc))))
N
Y
(AxAw(PfeI(QceIAxThzheuczux))IAy(N(N(AvQacIAxSbfc))))
Y
(AxAw(PfeI(QceIAxThzheuczux))IAy(N(N(AvQacIAxSbfc))))
Y
(AxAw(PfeI(QceIAxThzheuczux))IAy(N(N(AvQacIAxSbfc))))
Y
(AxAw(PfeI(QceIAxThzheuczux))IAy(N(N(AvQacIAxSbfc))))
Y
(AxAw(PfeI(QceIAxThzheuczux))IAy(N(N(AvQacIAxSbfc))))
Y
(AxAw(PfeI(QceIAxThzheuczux))IAy(N(N(AvQacIAxSbfc))))
Y
(AxAw(PfeI(QceIAxThzheuczux))IAy(N(N(AvQacIAxSbfc))))
Y
(AxAw(PfeI(QceIAxThhyhybedheuchyhybedux))IAy(N(N(AvQacIAxSbfc))))
Y
(AxAw(PfeI(QceIAxThzhevczvx))IAy(N(N(AvQacIAxSbfc))))
Y
(AxAw(PfeI(QceIAxThzheuczux))IAy(N(N(AvQacIAxSbfc))))
Y
(AxAw(PfeI(QceIAxThzheuczux))IAy(N(N(AvQacIAxSbfc))))
Y
(AxAw(PfeI(QceIAxThzhebczbx))IAy(N(N(AvQacIAxSbfc))))
Y
(AxAw(PfeI(QceIAxThzheuczux))IAy(N(N(AvQacIAxSbfc))))
Y
(AxAw(PfeI(QceIAxThzheuczux))IAy(N(N(AvQacIAxSbfc))))
Y
(AxAw(PfeI(QceIAxThzheuczux))IAy(N(N(AvQacIAxSbfc))))
Y
(AxAw(PfeI(QceIAxThzheuczux))IAy(N(N(AvQacIAxSbfc))))
N
Y
(AxAw(PfeI(QceIAxThzheuczux))IAy(N(N(AvQacIAxSbfc))))
Y
(AxAw(PfeI(QceIAxThzheuczux))IAy(N(N(AvQacIAxSbfc))))
Y
(AxAw(PfeI(QceIAxThzheuczux))IAy(N(N(AvQacIAxSbfc))))
Y
(AxAw(PfeI(QceIAxThzhevczvx))IAy(N(N(AvQacIAxSbfc))))
Y
(AxAw(PfeI(QceIAxThzheuczux))IAy(N(N(AvQacIAxSbfc))))
Y
(AxAw(PfeI(QceIAxThzhehdbeczhdbex))IAy(N(N(AvQacIAxSbfc))))
Y
(AxAw(PfeI(QceIAxThzheuczux))IAy(N(N(AvQacIAxSbfc))))
Y
(AxAw(PfeI(QceIAxThzheuczux))IAy(N(N(AvQacIAxSbfc))))
Y
(AxAw(PfeI(QceIAxThzhefbczfbx))IAy(N(N(AvQacIAxSbfc))))
Y
(AxAw(PfeI(QceIAxThzheaczax))IAy(N(N(AvQacIAxSbfc))))
Y
(AxAw(PfeI(QceIAxThzheuczux))IAy(N(N(AvQacIAxSbfc))))
N
Y
(AxAw(PfeI(QceIAxThzheuczux))IAy(N(N(AvQacIAxSbfc))))
Y
(AxAw(PfeI(QceIAxThzheuczux))IAy(N(N(AvQacIAxSbfc))))
Y
(AxAw(PfeI(QceIAxThzheuczux))IAy(N(N(AvQacIAxSbfc))))
Y
(AxAw(PfeI(QceIAxThzheuczux))IAy(N(N(AvQacIAxSbfc))))
Y
(AxAw(PfeI(QceIAxThzheuczux))IAy(N(N(AvQacIAxSbfc))))
Y
(AxAw(PfeI(QceIAxThzheuczux))IAy(N(N(AvQacIAxSbfc))))
Y
(AxAw(PfeI(QceIAxThzheuczux))IAy(N(N(AvQacIAxSbfc))))
Y
(AxAw(PfeI(QceIAxThzheaczax))IAy(N(N(AvQacIAxSbfc))))
Y
(AxAw(PfeI(QceIAxThzheuczux))IAy(N(N(AvQacIAxSbfc))))
Y
(AxAw(PfeI(QceIAxThzheuczux))IAy(N(N(AvQacIAxSbfc))))
Y
(AxAw(PfeI(QceIAxThzheuczux))IAy(N(N(AvQacIAxSbfc))))
Y
(AxAw(PfeI(QceIAxThzheuczux))IAy(N(N(AvQacIAxSbfc))))
Y
(AxAw(PfeI(QceIAxThzheuczux))IAy(N(N(AvQacIAxSbfc))))
Y
(AxAw(PfeI(QceIAxThzheuczux))IAy(N(N(AvQacIAxSbfc))))
Y
(AxAw(PfeI(QceIAxThzheuczux))IAy(N(N(AvQacIAxSbfc))))
Y
(AxAw(PfeI(QceIAxThzheuczux))IAy(N(N(AvQacIAxSbfc))))
Y
(AxAw(PfeI(QceIAxThyheucyux))IAy(N(N(AvQacIAxSbfc))))
Y
(AxAw(PfeI(QceIAxThzheuczux))IAy(N(N(AvQacIAxSbfc))))
Y
(AxAw(PfeI(QceIAxThzheuczux))IAy(N(N(AvQacIAxSbfc))))
Y
(AxAw(PfeI(QceIAxThzheuczux))IAy(N(N(AvQacIAxSbfc))))
Y
(AxAw(PfeI(QceIAxThzheuczux))IAy(N(N(AvQacIAxSbfc))))
Y
(AxAw(PfeI(QceIAxThzheuczux))IAy(N(N(AvQacIAxSbfc))))
Y
(AxAw(PfeI(QceIAxThzheyczyx))IAy(N(N(AvQacIAxSbfc))))
Y
(AxAw(PfeI(QceIAxThzhevczvx))IAy(N(N(AvQacIAxSbfc))))
Y
(AxAw(PfeI(QceIAxThzhehzbeczhzbex))IAy(N(N(AvQacIAxSbfc))))
N
Y
(AxAw(PfeI(QceIAxThzheuczux))IAy(N(N(AvQacIAxSbfc))))
Y
(AxAw(PfeI(QceIAxThuheucuux))IAy(N(N(AvQacIAxSbfc))))
Y
(AxAw(PfeI(QceIAxThzheuczux))IAy(N(N(AvQacIAxSbfc))))
Y
(AxAw(PfeI(QceIAxThzheuczux))IAy(N(N(AvQacIAxSbfc))))
Y
(AxAw(PfeI(QceIAxThzheuczux))IAy(N(N(AvQacIAxSbfc))))
Y
(AxAw(PfeI(QceIAxThzheuczux))IAy(N(N(AvQacIAxSbfc))))
Y
(AxAw(PfeI(QceIAxThzheuczux))IAy(N(N(AvQacIAxSbfc))))
Y
(AxAw(PfeI(QceIAxThzheuczux))IAy(N(N(AvQacIAxSbfc))))
Y
(AxAw(PfeI(QceIAxThhfuecheuchfuecux))IAy(N(N(AvQacIAxSbfc))))
Y
(AxAw(PfeI(QceIAxThzhefzczfzx))IAy(N(N(AvQacIAxSbfc))))
Y
(AxAw(PfeI(QceIAxThzheuczux))IAy(N(N(AvQacIAxSbfc))))
Y
(AxAw(PfeI(QceIAxThzheuczux))IAy(N(N(AvQacIAxSbfc))))
Y
(AxAw(PfeI(QceIAxThzheuczux))IAy(N(N(AvQacIAxSbfc))))
Y
(AxAw(PfeI(QceIAxThzheggefhzchvfdegyfbczggefhzchvfdegyfbx))IAy(N(N(AvQacIAxSbfc))))
Y
(AxAw(PfeI(QceIAxThzheyczyx))IAy(N(N(AvQacIAxSbfc))))
Y
(AxAw(PfeI(QceIAxThzheuczux))IAy(N(N(AvQacIAxSbfc))))
Y
(AxAw(PfeI(QceIAxThcheuccux))IAy(N(N(AvQacIAxSbfc))))
Y
(AxAw(PfeI(QceIAxThzheuczux))IAy(N(N(AvQacIAxSbfc))))
Y
(AxAw(PfeI(QceIAxThzhevczvx))IAy(N(N(AvQacIAxSbfc))))
Y
(AxAw(PfeI(QceIAxThzheuczux))IAy(N(N(AvQacIAxSbfc))))
Y
(AxAw(PfeI(QceIAxThzhebczbx))IAy(N(N(AvQacIAxSbfc))))
Y
(AxAw(PfeI(QceIAxThzheuczux))IAy(N(N(AvQacIAxSbfc))))
Y
(AxAw(PfeI(QceIAxThzheuczux))IAy(N(N(AvQacIAxSbfc))))
Y
(AxAw(PfeI(QceIAxThbheucbux))IAy(N(N(AvQacIAxSbfc))))
Y
(AxAw(PfeI(QceIAxThzhefdczfdx))IAy(N(N(AvQacIAxSbfc))))
Y
(AxAw(PfeI(QceIAxThzheuczux))IAy(N(N(AvQacIAxSbfc))))
Y
(AxAw(PfeI(QceIAxThzheuczux))IAy(N(N(AvQacIAxSbfc))))
Y
(AxAw(PfeI(QceIAxThzheuczux))IAy(N(N(AvQacIAxSbfc))))
Y
(AxAw(PfeI(QceIAxThzheuczux))IAy(N(N(AvQacIAxSbfc))))
Y
(AxAw(PfeI(QceIAxThzheuczux))IAy(N(N(AvQacIAxSbfc))))
Y
(AxAw(PfeI(QceIAxThzheuczux))IAy(N(N(AvQacIAxSbfc))))
Y
(AxAw(PfeI(QceIAxThzheguuczguux))IAy(N(N(AvQacIAxSbfc))))
Y
(AxAw(PfeI(QceIAxThzhezczzx))IAy(N(N(AvQacIAxSbfc))))
Y
(AxAw(PfeI(QceIAxThzheuczux))IAy(N(N(AvQacIAxSbfc))))
Y
(AxAw(PfeI(QceIAxThzheuczux))IAy(N(N(AvQacIAxSbfc))))
Y
(AxAw(PfeI(QceIAxThcheuccux))IAy(N(N(AvQacIAxSbfc))))
Y
(AxAw(PfeI(QceIAxThzheuczux))IAy(N(N(AvQacIAxSbfc))))
Y
(AxAw(PfeI(QceIAxThzheuczux))IAy(N(N(AvQacIAxSbfc))))
Y
(AxAw(PfeI(QceIAxThzheuczux))IAy(N(N(AvQacIAxSbfc))))
Y
(AxAw(PfeI(QceIAxThzheuczux))IAy(N(N(AvQacIAxSbfc))))
N
Y
(AxAw(PfeI(QceIAxThzheuczux))IAy(N(N(AvQacIAxSbfc))))
Y
(AxAw(PfeI(QceIAxThdheucdux))IAy(N(N(AvQacIAxSbfc))))
Y
(((NAxAzAySgydhuhhbhebabhedfbed)IAyRheadhaaue)I(NAvQbhfuugfud))
Y
(((NAxAzAySgydhuhhbhebabhedfbed)IAyRheadhaaue)I(NAvQbhfuugfud))
Y
(((NAxAzAySgydhuhhbhebabhedfbed)IAyRheadhaaue)I(NAvQbhfuugfud))
Y
(((NAxAzAySgydhuhhbhebabhedfbed)IAyRheadhaaue)I(NAvQbhfuugfud))
Y
(((NAxAzAySgydhuhhbhebabhedfbed)IAyRheadhaaue)I(NAvQbhfuugfud))
Y
(((NAxAzAySgydhuhhbhebabhedfbed)IAyRheadhaaue)I(NAvQbhfuugfud))
Y
(((NAxAzAySgydhuhhbhebabhedfbed)IAyRheadhaaue)I(NAvQbhfuugfud))
Y
(((NAxAzAySgydhuhhbhebabhedfbed)IAyRheadhaaue)I(NAvQbhfuugfud))
Y
(((NAxAzAySgydhuhhbhebabhedfbed)IAyRheadhaaue)I(NAvQbhfuugfud))
Y
(((NAxAzAySgydhuhhbhebabhedfbed)IAyRheadhaaue)I(NAvQbhfuugfud))
Y
(((NAxAzAySgydhuhhbhebabhedfbed)IAyRheadhaaue)I(NAvQbhfuugfud))
Y
(((NAxAzAySgydhuhhbhebabhedfbed)IAyRheadhaaue)I(NAvQbhfuugfud))
Y
(((NAxAzAySgydhhgbgeeedhhbhebabhedfbed)IAyRheadhaahgbgeeede)I(NAvQbhfhgbgeeedhgbgeeedgfhgbgeeedd))
Y
(((NAxAzAySgydhuhhbhebabhedfbed)IAyRheadhaaue)I(NAvQbhfuugfud))
Y
(((NAxAzAySgydhuhhbhebabhedfbed)IAyRheadhaaue)I(NAvQbhfuugfud))
Y
(((NAxAzAySgydhahhbhebabhedfbed)IAyRheadhaaae)I(NAvQbhfaagfad))
Y
(((NAxAzAySgydhuhhbhebabhedfbed)IAyRheadhaaue)I(NAvQbhfuugfud))
Y
(((NAxAzAySgydhehhbhebabhedfbed)IAyRheadhaaee)I(NAvQbhfeegfed))
Y
(((NAxAzAySgydhuhhbhebabhedfbed)IAyRheadhaaue)I(NAvQbhfuugfud))
Y
(((NAxAzAySgydhuhhbhebabhedfbed)IAyRheadhaaue)I(NAvQbhfuugfud))
N
N
Y
(((NAxAzAySgydhuhhbhebabhedfbed)IAyRheadhaaue)I(NAvQbhfuugfud))
Y
(((NAxAzAySgydhwhhbhebabhedfbed)IAyRheadhaawe)I(NAvQbhfwwgfwd))
Y
(((NAxAzAySgydhuhhbhebabhedfbed)IAyRheadhaaue)I(NAvQbhfuugfud))
Y
(((NAxAzAySgydhuhhbhebabhedfbed)IAyRheadhaaue)I(NAvQbhfuugfud))
Y
(((NAxAzAySgydhuhhbhebabhedfbed)IAyRheadhaaue)I(NAvQbhfuugfud))
Y
(((NAxAzAySgydhwhhbhebabhedfbed)IAyRheadhaawe)I(NAvQbhfwwgfwd))
Y
(((NAxAzAySgydhuhhbhebabhedfbed)IAyRheadhaaue)I(NAvQbhfuugfud))
Y
(((NAxAzAySgydhehhbhebabhedfbed)IAyRheadhaaee)I(NAvQbhfeegfed))
Y
(((NAxAzAySgydhuhhbhebabhedfbed)IAyRheadhaaue)I(NAvQbhfuugfud))
Y
(((NAxAzAySgydhuhhbhebabhedfbed)IAyRheadhaaue)I(NAvQbhfuugfud))
Y
(((NAxAzAySgydhuhhbhebabhedfbed)IAyRheadhaaue)I(NAvQbhfuugfud))
Y
(((NAxAzAySgydhuhhbhebabhedfbed)IAyRheadhaaue)I(NAvQbhfuugfud))
Y
(((NAxAzAySgydhuhhbhebabhedfbed)IAyRheadhaaue)I(NAvQbhfuugfud))
Y
(((NAxAzAySgydhuhhbhebabhedfbed)IAyRheadhaaue)I(NAvQbhfuugfud))
Y
(((NAxAzAySgydhuhhbhebabhedfbed)IAyRheadhaaue)I(NAvQbhfuugfud))
Y
(((NAxAzAySgydhuhhbhebabhedfbed)IAyRheadhaaue)I(NAvQbhfuugfud))
Y
(((NAxAzAySgydhuhhbhebabhedfbed)IAyRheadhaaue)I(NAvQbhfuugfud))
N
Y
(((NAxAzAySgydhuhhbhebabhedfbed)IAyRheadhaaue)I(NAvQbhfuugfud))
Y
(((NAxAzAySgydhuhhbhebabhedfbed)IAyRheadhaaue)I(NAvQbhfuugfud))
Y
(((NAxAzAySgydhuhhbhebabhedfbed)IAyRheadhaaue)I(NAvQbhfuugfud))
Y
(((NAxAzAySgydhuhhbhebabhedfbed)IAyRheadhaaue)I(NAvQbhfuugfud))
Y
(((NAxAzAySgydhuhhbhebabhedfbed)IAyRheadhaaue)I(NAvQbhfuugfud))
Y
(((NAxAzAySgydhdhhbhebabhedfbed)IAyRheadhaade)I(NAvQbhfddgfdd))
Y
(((NAxAzAySgydhuhhbhebabhedfbed)IAyRheadhaaue)I(NAvQbhfuugfud))
Y
(((NAxAzAySgydhuhhbhebabhedfbed)IAyRheadhaaue)I(NAvQbhfuugfud))
Y
(((NAxAzAySgydhuhhbhebabhedfbed)IAyRheadhaaue)I(NAvQbhfuugfud))
Y
(((NAxAzAySgydhuhhbhebabhedfbed)IAyRheadhaaue)I(NAvQbhfuugfud))
N
Y
(((NAxAzAySgydhffuhhbhebabhedfbed)IAyRheadhaaffue)I(NAvQbhfffuffugfffud))
Y
(((NAxAzAySgydhuhhbhebabhedfbed)IAyRheadhaaue)I(NAvQbhfuugfud))
Y
(((NAxAzAySgydhuhhbhebabhedfbed)IAyRheadhaaue)I(NAvQbhfuugfud))
Y
(((NAxAzAySgydhuhhbhebabhedfbed)IAyRheadhaaue)I(NAvQbhfuugfud))
Y
(((NAxAzAySgydhbhhbhebabhedfbed)IAyRheadhaabe)I(NAvQbhfbbgfbd))
Y
(((NAxAzAySgydhuhhbhebabhedfbed)IAyRheadhaaue)I(NAvQbhfuugfud))
Y
(((NAxAzAySgydhuhhbhebabhedfbed)IAyRheadhaaue)I(NAvQbhfuugfud))
Y
(((NAxAzAySgydhuhhbhebabhedfbed)IAyRheadhaaue)I(NAvQbhfuugfud))
N
Y
(((NAxAzAySgydhuhhbhebabhedfbed)IAyRheadhaaue)I(NAvQbhfuugfud))
Y
(((NAxAzAySgydhuhhbhebabhedfbed)IAyRheadhaaue)I(NAvQbhfuugfud))
Y
(((NAxAzAySgydhwhhbhebabhedfbed)IAyRheadhaawe)I(NAvQbhfwwgfwd))
Y
(((NAxAzAySgydhuhhbhebabhedfbed)IAyRheadhaaue)I(NAvQbhfuugfud))
Y
(((NAxAzAySgydhuhhbhebabhedfbed)IAyRheadhaaue)I(NAvQbhfuugfud))
Y
(((NAxAzAySgydhuhhbhebabhedfbed)IAyRheadhaaue)I(NAvQbhfuugfud))
Y
(((NAxAzAySgydhuhhbhebabhedfbed)IAyRheadhaaue)I(NAvQbhfuugfud))
Y
(((NAxAzAySgydhuhhbhebabhedfbed)IAyRheadhaaue)I(NAvQbhfuugfud))
Y
(((NAxAzAySgydhbhhbhebabhedfbed)IAyRheadhaabe)I(NAvQbhfbbgfbd))
Y
(((NAxAzAySgydhgcehhbhebabhedfbed)IAyRheadhaagcee)I(NAvQbhfgcegcegfgced))
Y
(((NAxAzAySgydhuhhbhebabhedfbed)IAyRheadhaaue)I(NAvQbhfuugfud))
Y
(((NAxAzAySgydhuhhbhebabhedfbed)IAyRheadhaaue)I(NAvQbhfuugfud))
Y
(((NAxAzAySgydhuhhbhebabhedfbed)IAyRheadhaaue)I(NAvQbhfuugfud))
Y
(((NAxAzAySgydhuhhbhebabhedfbed)IAyRheadhaaue)I(NAvQbhfuugfud))
Y
(((NAxAzAySgydhuhhbhebabhedfbed)IAyRheadhaaue)I(NAvQbhfuugfud))
Y
(((NAxAzAySgydhuhhbhebabhedfbed)IAyRheadhaaue)I(NAvQbhfuugfud))
Y
(((NAxAzAySgydhuhhbhebabhedfbed)IAyRheadhaaue)I(NAvQbhfuugfud))
Y
(((NAxAzAySgydhuhhbhebabhedfbed)IAyRheadhaaue)I(NAvQbhfuugfud))
Y
(((NAxAzAySgydhuhhbhebabhedfbed)IAyRheadhaaue)I(NAvQbhfuugfud))
N
Y
(((NAxAzAySgydhuhhbhebabhedfbed)IAyRheadhaaue)I(NAvQbhfuugfud))
Y
(((NAxAzAySgydhuhhbhebabhedfbed)IAyRheadhaaue)I(NAvQbhfuugfud))
Y
(((NAxAzAySgydhuhhbhebabhedfbed)IAyRheadhaaue)I(NAvQbhfuugfud))
Y
(((NAxAzAySgydhuhhbhebabhedfbed)IAyRheadhaaue)I(NAvQbhfuugfud))
Y
(((NAxAzAySgydhuhhbhebabhedfbed)IAyRheadhaaue)I(NAvQbhfuugfud))
Y
(((NAxAzAySgydhuhhbhebabhedfbed)IAyRheadhaaue)I(NAvQbhfuugfud))
Y
(((NAxAzAySgydhuhhbhebabhedfbed)IAyRheadhaaue)I(NAvQbhfuugfud))
Y
(((NAxAzAySgydhuhhbhebabhedfbed)IAyRheadhaaue)I(NAvQbhfuugfud))
Y
(((NAxAzAySgydhuhhbhebabhedfbed)IAyRheadhaaue)I(NAvQbhfuugfud))
Y
(((NAxAzAySgydhuhhbhebabhedfbed)IAyRheadhaaue)I(NAvQbhfuugfud))
Y
(((NAxAzAySgydhuhhbhebabhedfbed)IAyRheadhaaue)I(NAvQbhfuugfud))
Y
(((NAxAzAySgydhuhhbhebabhedfbed)IAyRheadhaaue)I(NAvQbhfuugfud))
Y
(((NAxAzAySgydhahhbhebabhedfbed)IAyRheadhaaae)I(NAvQbhfaagfad))
Y
(((NAxAzAySgydhuhhbhebabhedfbed)IAyRheadhaaue)I(NAvQbhfuugfud))
Y
(((NAxAzAySgydhuhhbhebabhedfbed)IAyRheadhaaue)I(NAvQbhfuugfud))
Y
(((NAxAzAySgydhuhhbhebabhedfbed)IAyRheadhaaue)I(NAvQbhfuugfud))
N
Y
(((NAxAzAySgydhuhhbhebabhedfbed)IAyRheadhaaue)I(NAvQbhfuugfud))
Y
(((NAxAzAySgydhdhhbhebabhedfbed)IAyRheadhaade)I(NAvQbhfddgfdd))
Y
(((NAxAzAySgydhuhhbhebabhedfbed)IAyRheadhaaue)I(NAvQbhfuugfud))
Y
((N((AzAwPxI((RebgfdyIRgffdvdw)ISwc))IAuAuAzPd))I(NAyAzAzAzSehbhzfvwfv))
Y
((N((AzAwPxI((RebgfdyIRgffdudw)ISwc))IAuAuAzPd))I(NAyAzAzAzSehbhzfuwfu))
Y
((N((AzAwPxI((RebgfddIRgffdvdw)ISwc))IAuAuAzPd))I(NAyAzAzAzSehbhzfvwfv))
Y
((N((AzAwPxI((RebgfdyIRgffdgwxdw)ISwc))IAuAuAzPd))I(NAyAzAzAzSehbhzfgwxwfgwx))
Y
((N((AzAwPxI((RebgfdyIRgffdvdw)ISwc))IAuAuAzPd))I(NAyAzAzAzSehbhzfvwfv))
Y
((N((AzAwPxI((RebgfdyIRgffdedw)ISwc))IAuAuAzPd))I(NAyAzAzAzSehbhzfewfe))
Y
((N((AzAwPxI((RebgfdhczhwfduIRgffdvdw)ISwc))IAuAuAzPd))I(NAyAzAzAzSehbhzfvwfv))
Y
((N((AzAwPxI((RebgfdzIRgffdvdw)ISwc))IAuAuAzPd))I(NAyAzAzAzSehbhzfvwfv))
Y
((N((AzAwPxI((RebgfdeIRgffdvdw)ISwc))IAuAuAzPd))I(NAyAzAzAzSehbhzfvwfv))
Y
((N((AzAwPxI((RebgfdyIRgffdgaddw)ISwc))IAuAuAzPd))I(NAyAzAzAzSehbhzfgadwfgad))
Y
((N((AzAwPxI((RebgfdyIRgffdvdw)ISwc))IAuAuAzPd))I(NAyAzAzAzSehbhzfvwfv))
Y
((N((AzAwPxI((RebgfdyIRgffdvdw)ISwc))IAuAuAzPd))I(NAyAzAzAzSehbhzfvwfv))
Y
((N((AzAwPuI((RebgfdyIRgffdvdw)ISwc))IAuAuAzPd))I(NAyAzAzAzSehbhzfvwfv))
Y
((N((AzAwPxI((RebgfdyIRgffdvdw)ISwc))IAuAuAzPd))I(NAyAzAzAzSehbhzfvwfv))
Y
((N((AzAwPxI((RebgfdyIRgffdvdw)ISwc))IAuAuAzPd))I(NAyAzAzAzSehbhzfvwfv))
Y
((N((AzAwPxI((RebgfdyIRgffdvdw)ISwc))IAuAuAzPd))I(NAyAzAzAzSehbhzfvwfv))
Y
((N((AzAwPgxyI((RebgfdyIRgffdvdw)ISwc))IAuAuAzPd))I(NAyAzAzAzSehbhzfvwfv))
Y
((N((AzAwPxI((RebgfdhfahhuawxfdbIRgffdvdw)ISwc))IAuAuAzPd))I(NAyAzAzAzSehbhzfvwfv))
N
Y
((N((AzAwPxI((RebgfdyIRgffdvdw)ISwc))IAuAuAzPd))I(NAyAzAzAzSehbhzfvwfv))
Y
((N((AzAwPxI((RebgfdyIRgffdvdw)ISwc))IAuAuAzPd))I(NAyAzAzAzSehbhzfvwfv))
Y
((N((AzAwPxI((RebgfdyIRgffdvde)ISec))IAuAuAzPd))I(NAyAzAzAzSehbhzfvefv))
Y
((N((AzAwPxI((RebgfdyIRgffdvdw)ISwc))IAuAuAzPd))I(NAyAzAzAzSehbhzfvwfv))
Y
((N((AzAwPxI((RebgfdfzIRgffdvdw)ISwc))IAuAuAzPd))I(NAyAzAzAzSehbhzfvwfv))
Y
((N((AzAwPxI((RebgfdyIRgffdvdw)ISwc))IAuAuAzPd))I(NAyAzAzAzSehbhzfvwfv))
Y
((N((AzAwPxI((RebgfdvIRgffdvdw)ISwc))IAuAuAzPd))I(NAyAzAzAzSehbhzfvwfv))
Y
((N((AzAwPxI((RebgfdyIRgffdvdw)ISwc))IAuAuAzPd))I(NAyAzAzAzSehbhzfvwfv))
Y
((N((AzAwPxI((RebgfdzIRgffdvdw)ISwc))IAuAuAzPd))I(NAyAzAzAzSehbhzfvwfv))
Y
((N((AzAwPxI((RebgfdeIRgffdvdw)ISwc))IAuAuAzPd))I(NAyAzAzAzSehbhzfvwfv))
Y
((N((AzAwPxI((RebgfdyIRgffdvdw)ISwc))IAuAuAzPd))I(NAyAzAzAzSehbhzfvwfv))
Y
((N((AzAwPxI((RebgfdyIRgffdvdfv)ISfvc))IAuAuAzPd))I(NAyAzAzAzSehbhzfvfvfv))
Y
((N((AzAwPxI((RebgfdyIRgffdvdw)ISwc))IAuAuAzPd))I(NAyAzAzAzSehbhzfvwfv))
Y
((N((AzAwPxI((RebgfdyIRgffdvdw)ISwc))IAuAuAzPd))I(NAyAzAzAzSehbhzfvwfv))
Y
((N((AzAwPbI((RebgfdyIRgffdvdw)ISwc))IAuAuAzPd))I(NAyAzAzAzSehbhzfvwfv))
N
N
Y
((N((AzAwPxI((RebgfdyIRgffdvdw)ISwc))IAuAuAzPd))I(NAyAzAzAzSehbhzfvwfv))
Y
((N((AzAwPaI((RebgfdyIRgffdvdw)ISwc))IAuAuAzPd))I(NAyAzAzAzSehbhzfvwfv))
Y
((N((AzAwPxI((RebgfdyIRgffdvdw)ISwc))IAuAuAzPd))I(NAyAzAzAzSehbhzfvwfv))
Y
((N((AzAwPxI((RebgfdyIRgffdvdguu)ISguuc))IAuAuAzPd))I(NAyAzAzAzSehbhzfvguufv))
Y
((N((AzAwPxI((RebgfdyIRgffdvdw)ISwc))IAuAuAzPd))I(NAyAzAzAzSehbhzfvwfv))
Y
((N((AzAwPdI((RebgfdyIRgffdvdw)ISwc))IAuAuAzPd))I(NAyAzAzAzSehbhzfvwfv))
Y
((N((AzAwPxI((RebgfdyIRgffdvdw)ISwc))IAuAuAzPd))I(NAyAzAzAzSehbhzfvwfv))
N
Y
((N((AzAwPxI((RebgfdyIRgffdvdfgae)ISfgaec))IAuAuAzPd))I(NAyAzAzAzSehbhzfvfgaefv))
Y
((N((AzAwPxI((RebgfdgwfwIRgffdvdw)ISwc))IAuAuAzPd))I(NAyAzAzAzSehbhzfvwfv))
Y
((N((AzAwPxI((RebgfdyIRgffdfhgaauddw)ISwc))IAuAuAzPd))I(NAyAzAzAzSehbhzffhgaaudwffhgaaud))
Y
((N((AzAwPxI((RebgfdghguhfuxbwzuIRgffdvdw)ISwc))IAuAuAzPd))I(NAyAzAzAzSehbhzfvwfv))
Y
((N((AzAwPxI((RebgfdyIRgffdvdw)ISwc))IAuAuAzPd))I(NAyAzAzAzSehbhzfvwfv))
Y
((N((AzAwPxI((RebgfdyIRgffdvdw)ISwc))IAuAuAzPd))I(NAyAzAzAzSehbhzfvwfv))
Y
((N((AzAwPxI((RebgfdyIRgffdvdw)ISwc))IAuAuAzPd))I(NAyAzAzAzSehbhzfvwfv))
N
Y
((N((AzAwPxI((RebgfdyIRgffdddw)ISwc))IAuAuAzPd))I(NAyAzAzAzSehbhzfdwfd))
Y
((N((AzAwPxI((RebgfdyIRgffdvdw)ISwc))IAuAuAzPd))I(NAyAzAzAzSehbhzfvwfv))
Y
((N((AzAwPxI((RebgfdyIRgffdvdw)ISwc))IAuAuAzPd))I(NAyAzAzAzSehbhzfvwfv))
Y
((N((AzAwPxI((RebgfdyIRgffdvdw)ISwc))IAuAuAzPd))I(NAyAzAzAzSehbhzfvwfv))
Y
((N((AzAwPgfvfuI((RebgfdyIRgffdvdw)ISwc))IAuAuAzPd))I(NAyAzAzAzSehbhzfvwfv))
Y
((N((AzAwPxI((RebgfdyIRgffdvdw)ISwc))IAuAuAzPd))I(NAyAzAzAzSehbhzfvwfv))
Y
((N((AzAwPxI((RebgfdyIRgffdcdw)ISwc))IAuAuAzPd))I(NAyAzAzAzSehbhzfcwfc))
Y
((N((AzAwPxI((RebgfdyIRgffdvdfw)ISfwc))IAuAuAzPd))I(NAyAzAzAzSehbhzfvfwfv))
Y
((N((AzAwPxI((RebgfdhhggugddacbzuIRgffdvdw)ISwc))IAuAuAzPd))I(NAyAzAzAzSehbhzfvwfv))
Y
((N((AzAwPcI((RebgfdyIRgffdvdw)ISwc))IAuAuAzPd))I(NAyAzAzAzSehbhzfvwfv))
Y
((N((AzAwPxI((RebgfdyIRgffdvde)ISec))IAuAuAzPd))I(NAyAzAzAzSehbhzfvefv))
Y
((N((AzAwPxI((RebgfdyIRgffdvdw)ISwc))IAuAuAzPd))I(NAyAzAzAzSehbhzfvwfv))
Y
((N((AzAwPxI((RebgfdyIRgffdvdb)ISbc))IAuAuAzPd))I(NAyAzAzAzSehbhzfvbfv))
Y
((N((AzAwPdI((RebgfdyIRgffdvdw)ISwc))IAuAuAzPd))I(NAyAzAzAzSehbhzfvwfv))
Y
((N((AzAwPxI((RebgfdcIRgffdvdw)ISwc))IAuAuAzPd))I(NAyAzAzAzSehbhzfvwfv))
Y
((N((AzAwPxI((RebgfdyIRgffdvdc)IScc))IAuAuAzPd))I(NAyAzAzAzSehbhzfvcfv))
Y
((N((AzAwPxI((RebgfdyIRgffdvdw)ISwc))IAuAuAzPd))I(NAyAzAzAzSehbhzfvwfv))
Y
((N((AzAwPxI((RebgfdyIRgffdvdw)ISwc))IAuAuAzPd))I(NAyAzAzAzSehbhzfvwfv))
Y
((N((AzAwPxI((RebgfdfcIRgffdvdw)ISwc))IAuAuAzPd))I(NAyAzAzAzSehbhzfvwfv))
Y
((N((AzAwPxI((RebgfdyIRgffdwdw)ISwc))IAuAuAzPd))I(NAyAzAzAzSehbhzfwwfw))
Y
((N((AzAwPxI((RebgfdyIRgffdvdw)ISwc))IAuAuAzPd))I(NAyAzAzAzSehbhzfvwfv))
N
Y
((N((AzAwPxI((RebgfdyIRgffdadw)ISwc))IAuAuAzPd))I(NAyAzAzAzSehbhzfawfa))
Y
((N((AzAwPxI((RebgfdyIRgffdvdw)ISwc))IAuAuAzPd))I(NAyAzAzAzSehbhzfvwfv))
Y
((N((AzAwPxI((RebgfdyIRgffdbdw)ISwc))IAuAuAzPd))I(NAyAzAzAzSehbhzfbwfb))
Y
((N((AzAwPxI((RebgfdyIRgffdvdw)ISwc))IAuAuAzPd))I(NAyAzAzAzSehbhzfvwfv))
Y
((N((AzAwPxI((RebgfduIRgffdvdw)ISwc))IAuAuAzPd))I(NAyAzAzAzSehbhzfvwfv))
Y
((N((AzAwPxI((RebgfdyIRgffdvdu)ISuc))IAuAuAzPd))I(NAyAzAzAzSehbhzfvufv))
Y
((N((AzAwPxI((RebgfdyIRgffdvdw)ISwc))IAuAuAzPd))I(NAyAzAzAzSehbhzfvwfv))
Y
((N((AzAwPxI((RebgfdbIRgffdvdw)ISwc))IAuAuAzPd))I(NAyAzAzAzSehbhzfvwfv))
Y
((N((AzAwPxI((RebgfdbIRgffdvdw)ISwc))IAuAuAzPd))I(NAyAzAzAzSehbhzfvwfv))
Y
((N((AzAwPxI((RebgfdyIRgffdvdw)ISwc))IAuAuAzPd))I(NAyAzAzAzSehbhzfvwfv))
Y
((N((AzAwPxI((RebgfdyIRgffdvdw)ISwc))IAuAuAzPd))I(NAyAzAzAzSehbhzfvwfv))
Y
((N((AzAwPxI((RebgfdyIRgffdvdw)ISwc))IAuAuAzPd))I(NAyAzAzAzSehbhzfvwfv))
Y
((N((AzAwPxI((RebgfdyIRgffdvdw)ISwc))IAuAuAzPd))I(NAyAzAzAzSehbhzfvwfv))
Y
((N((AzAwPxI((RebgfdyIRgffdvdw)ISwc))IAuAuAzPd))I(NAyAzAzAzSehbhzfvwfv))
Y
((N((AzAwPxI((RebgfdyIRgffdvdw)ISwc))IAuAuAzPd))I(NAyAzAzAzSehbhzfvwfv))
Y
((N((AzAwPxI((RebgfdyIRgffdvdw)ISwc))IAuAuAzPd))I(NAyAzAzAzSehbhzfvwfv))
Y
((N((AzAwPxI((RebgfdyIRgffdxdw)ISwc))IAuAuAzPd))I(NAyAzAzAzSehbhzfxwfx))
Y
((N((AzAwPxI((RebgfdyIRgffdhbhuxcbdw)ISwc))IAuAuAzPd))I(NAyAzAzAzSehbhzfhbhuxcbwfhbhuxcb))
Y
((N((AzAwPxI((RebgfdfwIRgffdvdw)ISwc))IAuAuAzPd))I(NAyAzAzAzSehbhzfvwfv))
Y
((N((AzAwPvI((RebgfdyIRgffdvdw)ISwc))IAuAuAzPd))I(NAyAzAzAzSehbhzfvwfv))
Y
((N((AzAwPxI((RebgfdgccIRgffdvdw)ISwc))IAuAuAzPd))I(NAyAzAzAzSehbhzfvwfv))
Y
((N((AzAwPfyI((RebgfdyIRgffdvdw)ISwc))IAuAuAzPd))I(NAyAzAzAzSehbhzfvwfv))
Y
((N((AzAwPxI((RebgfdyIRgffdvdw)ISwc))IAuAuAzPd))I(NAyAzAzAzSehbhzfvwfv))
Y
((N((AzAwPxI((RebgfdyIRgffdvdw)ISwc))IAuAuAzPd))I(NAyAzAzAzSehbhzfvwfv))
Y
((N((AzAwPxI((RebgfdyIRgffdadw)ISwc))IAuAuAzPd))I(NAyAzAzAzSehbhzfawfa))
Y
((N((AzAwPxI((RebgfdyIRgffdvdw)ISwc))IAuAuAzPd))I(NAyAzAzAzSehbhzfvwfv))
Y
(Ax(N((NAyRwcy)I(NAuTdbc)))I((TeuxI(QgcgghcvuczffaIAx(RbuvITchhebfbhuhefzavez)))I(PcIAwAy(NSva))))
N
Y
(Ax(N((NAyRwcy)I(NAuTdbc)))I((TeufwI(QgcgghcvyczffaIAx(RbuvITchhebfbhuhefzavez)))I(PcIAwAy(NSva))))
Y
(Ax(N((NAyRwcy)I(NAuTdbc)))I((TeuxI(QgcgghcvycheveffaIAx(RbuvITchhebfbhuhefheveaveheve)))I(PcIAwAy(NSva))))
Y
(Ax(N((NAyRgcbcy)I(NAuTdbc)))I((TeuxI(QgcgghcvyczffaIAx(RbuvITchhebfbhuhefzavez)))I(PcIAwAy(NSva))))
Y
(Ax(N((NAyRwcy)I(NAuTdbc)))I((TeuxI(QgcgghccyczffaIAx(RbucITchhebfbhuhefzacez)))I(PcIAwAy(NSca))))
Y
(Ax(N((NAyRwcy)I(NAuTdbc)))I((TedxI(QgcgghcvyczffaIAx(RbdvITchhebfbhdhefzavez)))I(PcIAwAy(NSva))))
Y
(Ax(N((NAyRwcy)I(NAuTdbc)))I((TefyxI(QgcgghcvyczffaIAx(RbfyvITchhebfbhfyhefzavez)))I(PcIAwAy(NSva))))
Y
(Ax(N((NAyRwcy)I(NAuTdbc)))I((TeughhbxhvwheheucuzfwvI(QgcgghcvyczffaIAx(RbuvITchhebfbhuhefzavez)))I(PcIAwAy(NSva))))
Y
(Ax(N((NAyRwcy)I(NAuTdbc)))I((TehyfygbdxI(QgcgghcvyczffaIAx(RbhyfygbdvITchhebfbhhyfygbdhefzavez)))I(PcIAwAy(NSva))))
Y
(Ax(N((NAyRwcy)I(NAuTdbc)))I((TeuxI(QgcgghczyczffaIAx(RbuzITchhebfbhuhefzazez)))I(PcIAwAy(NSza))))
Y
(Ax(N((NAyRfbcy)I(NAuTdbc)))I((TeuxI(QgcgghcvyczffaIAx(RbuvITchhebfbhuhefzavez)))I(PcIAwAy(NSva))))
N
Y
(Ax(N((NAyRwcy)I(NAuTdbc)))I((TeuxI(QgcgghcvxczffaIAx(RbuvITchhebfbhuhefzavez)))I(PcIAwAy(NSva))))
Y
(Ax(N((NAyRwcy)I(NAuTdbc)))I((TeuxI(QgcgghcveczffaIAx(RbuvITchhebfbhuhefzavez)))I(PcIAwAy(NSva))))
Y
(Ax(N((NAyRwcy)I(NAuTdbc)))I((TeubI(QgcgghcvyczffaIAx(RbuvITchhebfbhuhefzavez)))I(PcIAwAy(NSva))))
N
Y
(Ax(N((NAyRwcy)I(NAuTdbc)))I((TeffdxI(QgcgghcvyczffaIAx(RbffdvITchhebfbhffdhefzavez)))I(PcIAwAy(NSva))))
Y
(Ax(N((NAyRgzfccy)I(NAuTdbc)))I((TeuxI(QgcgghcvyczffaIAx(RbuvITchhebfbhuhefzavez)))I(PcIAwAy(NSva))))
N
Y
(Ax(N((NAyRwcy)I(NAuTdbc)))I((TeuvI(QgcgghcvyczffaIAx(RbuvITchhebfbhuhefzavez)))I(PcIAwAy(NSva))))
Y
(Ax(N((NAyRwcy)I(NAuTdbc)))I((TeuxI(QgcgghcvychbwzffaIAx(RbuvITchhebfbhuhefhbwzavehbwz)))I(PcIAwAy(NSva))))
Y
(Ax(N((NAyRwcy)I(NAuTdbc)))I((TeuaI(QgcgghcvyczffaIAx(RbuvITchhebfbhuhefzavez)))I(PcIAwAy(NSva))))
Y
(Ax(N((NAyRwcy)I(NAuTdbc)))I((TeuxI(QgcgghcveczffaIAx(RbuvITchhebfbhuhefzavez)))I(PcIAwAy(NSva))))
Y
(Ax(N((NAyRwcy)I(NAuTdbc)))I((TeuxI(QgcgghcvyceffaIAx(RbuvITchhebfbhuhefeavee)))I(PcIAwAy(NSva))))
Y
(Ax(N((NAyRwcy)I(NAuTdbc)))I((TeuxI(QgcgghcuyczffaIAx(RbuuITchhebfbhuhefzauez)))I(PcIAwAy(NSua))))
Y
(Ax(N((NAyRwcy)I(NAuTdbc)))I((TeudI(QgcgghcvyczffaIAx(RbuvITchhebfbhuhefzavez)))I(PcIAwAy(NSva))))
N
Y
(Ax(N((NAyRwcy)I(NAuTdbc)))I((TeuxI(QgcgghcvhczgxbczffaIAx(RbuvITchhebfbhuhefzavez)))I(PcIAwAy(NSva))))
Y
(Ax(N((NAyRwcy)I(NAuTdbc)))I((TeuxI(QgcgghcvyczffaIAx(RbuvITchhebfbhuhefzavez)))I(PcIAwAy(NSva))))
Y
(Ax(N((NAyRgdacy)I(NAuTdbc)))I((TeuxI(QgcgghcvyczffaIAx(RbuvITchhebfbhuhefzavez)))I(PcIAwAy(NSva))))
N
Y
(Ax(N((NAyRwcy)I(NAuTdbc)))I((TeucI(QgcgghcvyczffaIAx(RbuvITchhebfbhuhefzavez)))I(PcIAwAy(NSva))))
N
Y
(Ax(N((NAyRwcy)I(NAuTdbc)))I((TegufcxI(QgcgghcvyczffaIAx(RbgufcvITchhebfbhgufchefzavez)))I(PcIAwAy(NSva))))
Y
(Ax(N((NAyRwcy)I(NAuTdbc)))I((TeuxI(QgcgghcvcczffaIAx(RbuvITchhebfbhuhefzavez)))I(PcIAwAy(NSva))))
Y
(Ax(N((NAyRwcy)I(NAuTdbc)))I((TeuxI(QgcgghcvycvffaIAx(RbuvITchhebfbhuhefvavev)))I(PcIAwAy(NSva))))
Y
(Ax(N((NAyRwcy)I(NAuTdbc)))I((TeuxI(QgcgghcvyczffaIAx(RbuvITchhebfbhuhefzavez)))I(PcIAwAy(NSva))))
Y
(Ax(N((NAyRwcy)I(NAuTdbc)))I((TeexI(QgcgghcvyczffaIAx(RbevITchhebfbhehefzavez)))I(PcIAwAy(NSva))))
Y
(Ax(N((NAyRwcy)I(NAuTdbc)))I((TeuxI(QgcgghceyczffaIAx(RbueITchhebfbhuhefzaeez)))I(PcIAwAy(NSea))))
Y
(Ax(N((NAyRwcy)I(NAuTdbc)))I((TeuxI(QgcgghcvycvffaIAx(RbuvITchhebfbhuhefvavev)))I(PcIAwAy(NSva))))
Y
(Ax(N((NAyRhhcedwucy)I(NAuTdbc)))I((TeuxI(QgcgghcvyczffaIAx(RbuvITchhebfbhuhefzavez)))I(PcIAwAy(NSva))))
Y
(Ax(N((NAyRwcy)I(NAuTdbc)))I((TeuxI(QgcgghcvdczffaIAx(RbuvITchhebfbhuhefzavez)))I(PcIAwAy(NSva))))
Y
(Ax(N((NAyRwcy)I(NAuTdbc)))I((TeueI(QgcgghcvyczffaIAx(RbuvITchhebfbhuhefzavez)))I(PcIAwAy(NSva))))
Y
(Ax(N((NAyRwcy)I(NAuTdbc)))I((TeuxI(QgcgghcvycwffaIAx(RbuvITchhebfbhuhefwavew)))I(PcIAwAy(NSva))))
Y
(Ax(N((NAyRwcy)I(NAuTdbc)))I((TeufvI(QgcgghcvyczffaIAx(RbuvITchhebfbhuhefzavez)))I(PcIAwAy(NSva))))
Y
(Ax(N((NAyRwcy)I(NAuTdbc)))I((TeyxI(QgcgghcvyczffaIAx(RbyvITchhebfbhyhefzavez)))I(PcIAwAy(NSva))))
Y
(Ax(N((NAyRwcy)I(NAuTdbc)))I((TeuxI(QgcgghcvyczffaIAx(RbuvITchhebfbhuhefzavez)))I(PcIAwAy(NSva))))
Y
(Ax(N((NAyRwcy)I(NAuTdbc)))I((TeugyeI(QgcgghcvyczffaIAx(RbuvITchhebfbhuhefzavez)))I(PcIAwAy(NSva))))
N
Y
(Ax(N((NAyRwcy)I(NAuTdbc)))I((TeuxI(QgcgghcvuczffaIAx(RbuvITchhebfbhuhefzavez)))I(PcIAwAy(NSva))))
Y
(Ax(N((NAyRwcy)I(NAuTdbc)))I((TewxI(QgcgghcvyczffaIAx(RbwvITchhebfbhwhefzavez)))I(PcIAwAy(NSva))))
Y
(Ax(N((NAyRwcy)I(NAuTdbc)))I((TeueI(QgcgghcvyczffaIAx(RbuvITchhebfbhuhefzavez)))I(PcIAwAy(NSva))))
Y
(Ax(N((NAyRwcy)I(NAuTdbc)))I((TeuxI(QgcgghcvgbfeczffaIAx(RbuvITchhebfbhuhefzavez)))I(PcIAwAy(NSva))))
Y
(Ax(N((NAyRwcy)I(NAuTdbc)))I((TeuxI(QgcgghcvdczffaIAx(RbuvITchhebfbhuhefzavez)))I(PcIAwAy(NSva))))
Y
(Ax(N((NAyRwcy)I(NAuTdbc)))I((TeuxI(QgcgghcbyczffaIAx(RbubITchhebfbhuhefzabez)))I(PcIAwAy(NSba))))
Y
(Ax(N((NAyRwcy)I(NAuTdbc)))I((TeuxI(QgcgghcvycvffaIAx(RbuvITchhebfbhuhefvavev)))I(PcIAwAy(NSva))))
Y
(Ax(N((NAyRwcy)I(NAuTdbc)))I((TeuxI(QgcgghcvycaffaIAx(RbuvITchhebfbhuhefaavea)))I(PcIAwAy(NSva))))
Y
(Ax(N((NAyRvcy)I(NAuTdbc)))I((TeuxI(QgcgghcvyczffaIAx(RbuvITchhebfbhuhefzavez)))I(PcIAwAy(NSva))))
N
Y
(Ax(N((NAyRfgaacy)I(NAuTdbc)))I((TeuxI(QgcgghcvyczffaIAx(RbuvITchhebfbhuhefzavez)))I(PcIAwAy(NSva))))
N
Y
(Ax(N((NAyRwcy)I(NAuTdbc)))I((TeuxI(QgcgghcvyczffaIAx(RbuvITchhebfbhuhefzavez)))I(PcIAwAy(NSva))))
Y
(Ax(N((NAyRwcy)I(NAuTdbc)))I((TeexI(QgcgghcvyczffaIAx(RbevITchhebfbhehefzavez)))I(PcIAwAy(NSva))))
N
Y
(Ax(N((NAyRwcy)I(NAuTdbc)))I((TeuxI(QgcgghcvfhhgdgvghzgvwehegxbhveyeghfugzyffddceczffaIAx(RbuvITchhebfbhuhefzavez)))I(PcIAwAy(NSva))))
Y
(Ax(N((NAyRwcy)I(NAuTdbc)))I((TeuxI(QgcgghceyczffaIAx(RbueITchhebfbhuhefzaeez)))I(PcIAwAy(NSea))))
Y
(Ax(N((NAyRwcy)I(NAuTdbc)))I((TeuxI(QgcgghcvycbffaIAx(RbuvITchhebfbhuhefbaveb)))I(PcIAwAy(NSva))))
Y
(Ax(N((NAyRfvcy)I(NAuTdbc)))I((TeuxI(QgcgghcvyczffaIAx(RbuvITchhebfbhuhefzavez)))I(PcIAwAy(NSva))))
N
Y
(Ax(N((NAyRwcy)I(NAuTdbc)))I((TeuxI(QgcgghcvycvffaIAx(RbuvITchhebfbhuhefvavev)))I(PcIAwAy(NSva))))
Y
(Ax(N((NAyRwcy)I(NAuTdbc)))I((TeugbhhhffdgguzcdhfdugyvwewI(QgcgghcvyczffaIAx(RbuvITchhebfbhuhefzavez)))I(PcIAwAy(NSva))))
Y
(Ax(N((NAyRghedvffwcy)I(NAuTdbc)))I((TeuxI(QgcgghcvyczffaIAx(RbuvITchhebfbhuhefzavez)))I(PcIAwAy(NSva))))
Y
(Ax(N((NAyRwcy)I(NAuTdbc)))I((TeuxI(QgcgghcvycwffaIAx(RbuvITchhebfbhuhefwavew)))I(PcIAwAy(NSva))))
Y
(Ax(N((NAyRwcy)I(NAuTdbc)))I((TeuxI(QgcgghceyczffaIAx(RbueITchhebfbhuhefzaeez)))I(PcIAwAy(NSea))))
N
N
Y
(Ax(N((NAyRwcy)I(NAuTdbc)))I((TeuxI(QgcgghccyczffaIAx(RbucITchhebfbhuhefzacez)))I(PcIAwAy(NSca))))
N
Y
(Ax(N((NAyRwcy)I(NAuTdbc)))I((TeuxI(QgcgghcvfvczffaIAx(RbuvITchhebfbhuhefzavez)))I(PcIAwAy(NSva))))
Y
(Ax(N((NAyRwcy)I(NAuTdbc)))I((TeuxI(QgcgghcvycvffaIAx(RbuvITchhebfbhuhefvavev)))I(PcIAwAy(NSva))))
Y
(Ax(N((NAyRwcy)I(NAuTdbc)))I((TeuhgdafedI(QgcgghcvyczffaIAx(RbuvITchhebfbhuhefzavez)))I(PcIAwAy(NSva))))
Y
(Ax(N((NAyRhvcvcy)I(NAuTdbc)))I((TeuxI(QgcgghcvyczffaIAx(RbuvITchhebfbhuhefzavez)))I(PcIAwAy(NSva))))
Y
(Ax(N((NAyRwcy)I(NAuTdbc)))I((TehaddxI(QgcgghcvyczffaIAx(RbhaddvITchhebfbhhaddhefzavez)))I(PcIAwAy(NSva))))
Y
(Ax(N((NAyRbcy)I(NAuTdbc)))I((TeuxI(QgcgghcvyczffaIAx(RbuvITchhebfbhuhefzavez)))I(PcIAwAy(NSva))))
Y
(Ax(N((NAyRwcy)I(NAuTdbc)))I((TeuxI(QgcgghcvyczffaIAx(RbuvITchhebfbhuhefzavez)))I(PcIAwAy(NSva))))
Y
(Ax(N((NAyRwcy)I(NAuTdbc)))I((TeexI(QgcgghcvyczffaIAx(RbevITchhebfbhehefzavez)))I(PcIAwAy(NSva))))
Y
(Ax(N((NAyRwcy)I(NAuTdbc)))I((TeueI(QgcgghcvyczffaIAx(RbuvITchhebfbhuhefzavez)))I(PcIAwAy(NSva))))
Y
(Ax(N((NAyRwcy)I(NAuTdbc)))I((TeuxI(QgcgghcvyczffaIAx(RbuvITchhebfbhuhefzavez)))I(PcIAwAy(NSva))))
Y
(Ax(N((NAyRwcy)I(NAuTdbc)))I((TeuxI(QgcgghcvfbczffaIAx(RbuvITchhebfbhuhefzavez)))I(PcIAwAy(NSva))))
Y
(Ax(N((NAyRwcy)I(NAuTdbc)))I((TeuxI(QgcgghcvyczffaIAx(RbuvITchhebfbhuhefzavez)))I(PcIAwAy(NSva))))
Y
(Ax(N((NAyRwcy)I(NAuTdbc)))I((TeuxI(QgcgghcvdczffaIAx(RbuvITchhebfbhuhefzavez)))I(PcIAwAy(NSva))))
Y
(Ax(N((NAyRwcy)I(NAuTdbc)))I((TeuxI(QgcgghcveczffaIAx(RbuvITchhebfbhuhefzavez)))I(PcIAwAy(NSva))))
Y
(Ax(N((NAyRwcy)I(NAuTdbc)))I((TeuxI(QgcgghcvycbffaIAx(RbuvITchhebfbhuhefbaveb)))I(PcIAwAy(NSva))))
Y
(Ax(N((NAyRucy)I(NAuTdbc)))I((TeuxI(QgcgghcvyczffaIAx(RbuvITchhebfbhuhefzavez)))I(PcIAwAy(NSva))))
Y
(Ax(N((NAyRwcy)I(NAuTdbc)))I((TehwbgbuxI(QgcgghcvyczffaIAx(RbhwbgbuvITchhebfbhhwbgbuhefzavez)))I(PcIAwAy(NSva))))
Y
(Ax(N((NAyRwcy)I(NAuTdbc)))I((TeuxI(QgcgghcveczffaIAx(RbuvITchhebfbhuhefzavez)))I(PcIAwAy(NSva))))
N
Y
(Ax(N((NAyRhubfgfeacy)I(NAuTdbc)))I((TeuxI(QgcgghcvyczffaIAx(RbuvITchhebfbhuhefzavez)))I(PcIAwAy(NSva))))
Y
(Ax(N((NAyRwcy)I(NAuTdbc)))I((TeuxI(QgcgghcvhabgbzczffaIAx(RbuvITchhebfbhuhefzavez)))I(PcIAwAy(NSva))))
Y
((AwAx((NQub)IAuSzd)IAxAyAx(NSzb))I((N((NTeuguz)IAvAyRufed))I(N(NTegcfcfz))))
Y
((AwAx((NQub)IAuSzd)IAxAyAx(NSzb))I((N((NTeuguz)IAvAyRufed))I(N(NTegcfcfz))))
Y
((AwAx((NQub)IAuSdd)IAxAyAx(NSdb))I((N((NTeugud)IAvAyRufed))I(N(NTegcfcfd))))
N
Y
((AwAx((NQub)IAuSbd)IAxAyAx(NSbb))I((N((NTeugub)IAvAyRufed))I(N(NTegcfcfb))))
Y
((AwAx((NQub)IAuSzd)IAxAyAx(NSzb))I((N((NTeuguz)IAvAyRufed))I(N(NTegcfcfz))))
Y
((AwAx((NQub)IAuSzd)IAxAyAx(NSzb))I((N((NTeuguz)IAvAyRufed))I(N(NTegcfcfz))))
Y
((AwAx((NQub)IAuSzd)IAxAyAx(NSzb))I((N((NTeuguz)IAvAyRufed))I(N(NTegcfcfz))))
Y
((AwAx((NQub)IAuSzd)IAxAyAx(NSzb))I((N((NTeuguz)IAvAyRufed))I(N(NTegcfcfz))))
Y
((AwAx((NQub)IAuSed)IAxAyAx(NSeb))I((N((NTeugue)IAvAyRufed))I(N(NTegcfcfe))))
Y
((AwAx((NQub)IAuSzd)IAxAyAx(NSzb))I((N((NTeuguz)IAvAyRufed))I(N(NTegcfcfz))))
Y
((AwAx((NQub)IAuSvd)IAxAyAx(NSvb))I((N((NTeuguv)IAvAyRufed))I(N(NTegcfcfv))))
Y
((AwAx((NQub)IAuSzd)IAxAyAx(NSzb))I((N((NTeuguz)IAvAyRufed))I(N(NTegcfcfz))))
Y
((AwAx((NQub)IAuSzd)IAxAyAx(NSzb))I((N((NTeuguz)IAvAyRufed))I(N(NTegcfcfz))))
Y
((AwAx((NQub)IAuSzd)IAxAyAx(NSzb))I((N((NTeuguz)IAvAyRufed))I(N(NTegcfcfz))))
Y
((AwAx((NQub)IAuSzd)IAxAyAx(NSzb))I((N((NTeuguz)IAvAyRufed))I(N(NTegcfcfz))))
Y
((AwAx((NQub)IAuSzd)IAxAyAx(NSzb))I((N((NTeuguz)IAvAyRufed))I(N(NTegcfcfz))))
Y
((AwAx((NQub)IAuSzd)IAxAyAx(NSzb))I((N((NTeuguz)IAvAyRufed))I(N(NTegcfcfz))))
Y
((AwAx((NQub)IAuSzd)IAxAyAx(NSzb))I((N((NTeuguz)IAvAyRufed))I(N(NTegcfcfz))))
N
Y
((AwAx((NQub)IAuSzd)IAxAyAx(NSzb))I((N((NTeuguz)IAvAyRufed))I(N(NTegcfcfz))))
Y
((AwAx((NQab)IAuSzd)IAxAyAx(NSzb))I((N((NTeagaz)IAvAyRafed))I(N(NTegcfcfz))))
Y
((AwAx((NQub)IAuSzd)IAxAyAx(NSzb))I((N((NTeuguz)IAvAyRufed))I(N(NTegcfcfz))))
Y
((AwAx((NQub)IAuSzd)IAxAyAx(NSzb))I((N((NTeuguz)IAvAyRufed))I(N(NTegcfcfz))))
Y
((AwAx((NQeb)IAuSzd)IAxAyAx(NSzb))I((N((NTeegez)IAvAyRefed))I(N(NTegcfcfz))))
Y
((AwAx((NQub)IAuSzd)IAxAyAx(NSzb))I((N((NTeuguz)IAvAyRufed))I(N(NTegcfcfz))))
Y
((AwAx((NQub)IAuSdd)IAxAyAx(NSdb))I((N((NTeugud)IAvAyRufed))I(N(NTegcfcfd))))
N
Y
((AwAx((NQub)IAuSzd)IAxAyAx(NSzb))I((N((NTeuguz)IAvAyRufed))I(N(NTegcfcfz))))
Y
((AwAx((NQub)IAuSzd)IAxAyAx(NSzb))I((N((NTeuguz)IAvAyRufed))I(N(NTegcfcfz))))
Y
((AwAx((NQub)IAuSzd)IAxAyAx(NSzb))I((N((NTeuguz)IAvAyRufed))I(N(NTegcfcfz))))
Y
((AwAx((NQub)IAuSzd)IAxAyAx(NSzb))I((N((NTeuguz)IAvAyRufed))I(N(NTegcfcfz))))
Y
((AwAx((NQub)IAuSzd)IAxAyAx(NSzb))I((N((NTeuguz)IAvAyRufed))I(N(NTegcfcfz))))
Y
((AwAx((NQub)IAuSzd)IAxAyAx(NSzb))I((N((NTeuguz)IAvAyRufed))I(N(NTegcfcfz))))
Y
((AwAx((NQub)IAuSzd)IAxAyAx(NSzb))I((N((NTeuguz)IAvAyRufed))I(N(NTegcfcfz))))
Y
((AwAx((NQbb)IAuSzd)IAxAyAx(NSzb))I((N((NTebgbz)IAvAyRbfed))I(N(NTegcfcfz))))
Y
((AwAx((NQeb)IAuSzd)IAxAyAx(NSzb))I((N((NTeegez)IAvAyRefed))I(N(NTegcfcfz))))
Y
((AwAx((NQub)IAuSzd)IAxAyAx(NSzb))I((N((NTeuguz)IAvAyRufed))I(N(NTegcfcfz))))
Y
((AwAx((NQub)IAuSzd)IAxAyAx(NSzb))I((N((NTeuguz)IAvAyRufed))I(N(NTegcfcfz))))
Y
((AwAx((NQub)IAuSzd)IAxAyAx(NSzb))I((N((NTeuguz)IAvAyRufed))I(N(NTegcfcfz))))
Y
((AwAx((NQub)IAuSzd)IAxAyAx(NSzb))I((N((NTeuguz)IAvAyRufed))I(N(NTegcfcfz))))
Y
((AwAx((NQub)IAuSzd)IAxAyAx(NSzb))I((N((NTeuguz)IAvAyRufed))I(N(NTegcfcfz))))
Y
((AwAx((NQub)IAuSzd)IAxAyAx(NSzb))I((N((NTeuguz)IAvAyRufed))I(N(NTegcfcfz))))
Y
((AwAx((NQub)IAuSzd)IAxAyAx(NSzb))I((N((NTeuguz)IAvAyRufed))I(N(NTegcfcfz))))
Y
((AwAx((NQub)IAuSzd)IAxAyAx(NSzb))I((N((NTeuguz)IAvAyRufed))I(N(NTegcfcfz))))
Y
((AwAx((NQeb)IAuSzd)IAxAyAx(NSzb))I((N((NTeegez)IAvAyRefed))I(N(NTegcfcfz))))
Y
((AwAx((NQub)IAuSzd)IAxAyAx(NSzb))I((N((NTeuguz)IAvAyRufed))I(N(NTegcfcfz))))
Y
((AwAx((NQub)IAuSzd)IAxAyAx(NSzb))I((N((NTeuguz)IAvAyRufed))I(N(NTegcfcfz))))
Y
((AwAx((NQub)IAuSzd)IAxAyAx(NSzb))I((N((NTeuguz)IAvAyRufed))I(N(NTegcfcfz))))
N
Y
((AwAx((NQub)IAuSzd)IAxAyAx(NSzb))I((N((NTeuguz)IAvAyRufed))I(N(NTegcfcfz))))
Y
((AwAx((NQub)IAuSzd)IAxAyAx(NSzb))I((N((NTeuguz)IAvAyRufed))I(N(NTegcfcfz))))
Y
((AwAx((NQbb)IAuSzd)IAxAyAx(NSzb))I((N((NTebgbz)IAvAyRbfed))I(N(NTegcfcfz))))
Y
((AwAx((NQub)IAuSzd)IAxAyAx(NSzb))I((N((NTeuguz)IAvAyRufed))I(N(NTegcfcfz))))
N
Y
((AwAx((NQub)IAuSzd)IAxAyAx(NSzb))I((N((NTeuguz)IAvAyRufed))I(N(NTegcfcfz))))
N
Y
((AwAx((NQub)IAuSzd)IAxAyAx(NSzb))I((N((NTeuguz)IAvAyRufed))I(N(NTegcfcfz))))
Y
((AwAx((NQgccb)IAuSzd)IAxAyAx(NSzb))I((N((NTegccggccz)IAvAyRgccfed))I(N(NTegcfcfz))))
Y
((AwAx((NQub)IAuSzd)IAxAyAx(NSzb))I((N((NTeuguz)IAvAyRufed))I(N(NTegcfcfz))))
N
Y
((AwAx((NQub)IAuSzd)IAxAyAx(NSzb))I((N((NTeuguz)IAvAyRufed))I(N(NTegcfcfz))))
Y
((AwAx((NQub)IAuSzd)IAxAyAx(NSzb))I((N((NTeuguz)IAvAyRufed))I(N(NTegcfcfz))))
Y
((AwAx((NQub)IAuSzd)IAxAyAx(NSzb))I((N((NTeuguz)IAvAyRufed))I(N(NTegcfcfz))))
N
Y
((AwAx((NQgefdb)IAuSzd)IAxAyAx(NSzb))I((N((NTegefdggefdz)IAvAyRgefdfed))I(N(NTegcfcfz))))
Y
((AwAx((NQub)IAuSzd)IAxAyAx(NSzb))I((N((NTeuguz)IAvAyRufed))I(N(NTegcfcfz))))
Y
((AwAx((NQub)IAuSzd)IAxAyAx(NSzb))I((N((NTeuguz)IAvAyRufed))I(N(NTegcfcfz))))
Y
((AwAx((NQub)IAuSzd)IAxAyAx(NSzb))I((N((NTeuguz)IAvAyRufed))I(N(NTegcfcfz))))
Y
((AwAx((NQub)IAuSzd)IAxAyAx(NSzb))I((N((NTeuguz)IAvAyRufed))I(N(NTegcfcfz))))
Y
((AwAx((NQub)IAuSzd)IAxAyAx(NSzb))I((N((NTeuguz)IAvAyRufed))I(N(NTegcfcfz))))
Y
((AwAx((NQub)IAuSzd)IAxAyAx(NSzb))I((N((NTeuguz)IAvAyRufed))I(N(NTegcfcfz))))
Y
((AwAx((NQub)IAuShdfcfad)IAxAyAx(NShdfcfab))I((N((NTeuguhdfcfa)IAvAyRufed))I(N(NTegcfcfhdfcfa))))
Y
((AwAx((NQcb)IAuSzd)IAxAyAx(NSzb))I((N((NTecgcz)IAvAyRcfed))I(N(NTegcfcfz))))
Y
((AwAx((NQzb)IAuSzd)IAxAyAx(NSzb))I((N((NTezgzz)IAvAyRzfed))I(N(NTegcfcfz))))
N
Y
((AwAx((NQub)IAuSzd)IAxAyAx(NSzb))I((N((NTeuguz)IAvAyRufed))I(N(NTegcfcfz))))
Y
((AwAx((NQub)IAuSzd)IAxAyAx(NSzb))I((N((NTeuguz)IAvAyRufed))I(N(NTegcfcfz))))
Y
((AwAx((NQub)IAuSzd)IAxAyAx(NSzb))I((N((NTeuguz)IAvAyRufed))I(N(NTegcfcfz))))
Y
((AwAx((NQub)IAuSzd)IAxAyAx(NSzb))I((N((NTeuguz)IAvAyRufed))I(N(NTegcfcfz))))
Y
((AwAx((NQub)IAuSzd)IAxAyAx(NSzb))I((N((NTeuguz)IAvAyRufed))I(N(NTegcfcfz))))
Y
((AwAx((NQub)IAuSgbed)IAxAyAx(NSgbeb))I((N((NTeugugbe)IAvAyRufed))I(N(NTegcfcfgbe))))
Y
((AwAx((NQub)IAuSzd)IAxAyAx(NSzb))I((N((NTeuguz)IAvAyRufed))I(N(NTegcfcfz))))
Y
((AwAx((NQub)IAuSed)IAxAyAx(NSeb))I((N((NTeugue)IAvAyRufed))I(N(NTegcfcfe))))
Y
((AwAx((NQub)IAuSzd)IAxAyAx(NSzb))I((N((NTeuguz)IAvAyRufed))I(N(NTegcfcfz))))
Y
((AwAx((NQub)IAuSzd)IAxAyAx(NSzb))I((N((NTeuguz)IAvAyRufed))I(N(NTegcfcfz))))
Y
((AwAx((NQub)IAuSdd)IAxAyAx(NSdb))I((N((NTeugud)IAvAyRufed))I(N(NTegcfcfd))))
Y
((AwAx((NQub)IAuSzd)IAxAyAx(NSzb))I((N((NTeuguz)IAvAyRufed))I(N(NTegcfcfz))))
Y
((AwAx((NQub)IAuSzd)IAxAyAx(NSzb))I((N((NTeuguz)IAvAyRufed))I(N(NTegcfcfz))))
N
Y
((AwAx((NQub)IAuSad)IAxAyAx(NSab))I((N((NTeugua)IAvAyRufed))I(N(NTegcfcfa))))
Y
((AwAx((NQub)IAuSzd)IAxAyAx(NSzb))I((N((NTeuguz)IAvAyRufed))I(N(NTegcfcfz))))
Y
((AwAx((NQub)IAuSzd)IAxAyAx(NSzb))I((N((NTeuguz)IAvAyRufed))I(N(NTegcfcfz))))
Y
((AwAx((NQub)IAuSzd)IAxAyAx(NSzb))I((N((NTeuguz)IAvAyRufed))I(N(NTegcfcfz))))
Y
((AwAx((NQbb)IAuSzd)IAxAyAx(NSzb))I((N((NTebgbz)IAvAyRbfed))I(N(NTegcfcfz))))
Y
((AwAx((NQzb)IAuSzd)IAxAyAx(NSzb))I((N((NTezgzz)IAvAyRzfed))I(N(NTegcfcfz))))
Y
((AwAx((NQub)IAuSzd)IAxAyAx(NSzb))I((N((NTeuguz)IAvAyRufed))I(N(NTegcfcfz))))
Y
((AwAx((NQub)IAuSzd)IAxAyAx(NSzb))I((N((NTeuguz)IAvAyRufed))I(N(NTegcfcfz))))
Y
((AwAx((NQub)IAuSzd)IAxAyAx(NSzb))I((N((NTeuguz)IAvAyRufed))I(N(NTegcfcfz))))
Y
((AwAx((NQub)IAuSzd)IAxAyAx(NSzb))I((N((NTeuguz)IAvAyRufed))I(N(NTegcfcfz))))
Y
(NAv(Az(N(TyhhhhfaezeughxdxbahzeffxvyIPgea))I(N(N(NQye)))))
Y
(NAv(Az(N(TyhhhhfaezeughxdxbahzeffxvyIPgea))I(N(N(NQye)))))
Y
(NAv(Az(N(TyhhhhfaezeughxdxbahzeffxvyIPgea))I(N(N(NQye)))))
Y
(NAv(Az(N(TyhhhhfaezeughxdxbahzeffxvyIPgea))I(N(N(NQye)))))
Y
(NAv(Az(N(TyhhhhfaezeughbdbbahzeffbvyIPgea))I(N(N(NQye)))))
Y
(NAv(Az(N(TyhhhhfaezeughxdxbahzeffxvyIPgea))I(N(N(NQye)))))
Y
(NAv(Az(N(TyhhhhfaezeughcdcbahzeffcvyIPgea))I(N(N(NQye)))))
Y
(NAv(Az(N(TahhhhfaezeughxdxbahzeffxvaIPgea))I(N(N(NQae)))))
Y
(NAv(Az(N(TyhhhhfaezeughxdxbahzeffxvyIPgea))I(N(N(NQye)))))
Y
(NAv(Az(N(TyhhhhfaezeughxdxbahzeffxvyIPgea))I(N(N(NQye)))))
Y
(NAv(Az(N(TyhhhhfaezewghxdxbahzeffxvyIPgea))I(N(N(NQye)))))
Y
(NAv(Az(N(TuhhhhfaezeughxdxbahzeffxvuIPgea))I(N(N(NQue)))))
Y
(NAv(Az(N(TyhhhhfaezeughxdxbahzeffxvyIPgea))I(N(N(NQye)))))
Y
(NAv(Az(N(TyhhhhfaezeughwdwbahzeffwvyIPgea))I(N(N(NQye)))))
Y
(NAv(Az(N(TyhhhhfaezeughxdxbahzeffxvyIPgea))I(N(N(NQye)))))
N
Y
(NAv(Az(N(TyhhhhfaezefeghxdxbahzeffxvyIPgea))I(N(N(NQye)))))
Y
(NAv(Az(N(TyhhhhfaezeughxdxbahzeffxvyIPgea))I(N(N(NQye)))))
Y
(NAv(Az(N(TyhhhhfaezeghwcyughxdxbahzeffxvyIPgea))I(N(N(NQye)))))
Y
(NAv(Az(N(TyhhhhfaezeughxdxbahzeffxvyIPgea))I(N(N(NQye)))))
Y
(NAv(Az(N(TyhhhhfaezeughxdxbahzeffxvyIPgea))I(N(N(NQye)))))
Y
(NAv(Az(N(TyhhhhfaezeughxdxbahzeffxvyIPgea))I(N(N(NQye)))))
Y
(NAv(Az(N(TgwfhwgubchhhhfaezeughxdxbahzeffxvgwfhwgubcIPgea))I(N(N(NQgwfhwgubce)))))
Y
(NAv(Az(N(TyhhhhfaezeughhdbadhdbabahzeffhdbavyIPgea))I(N(N(NQye)))))
Y
(NAv(Az(N(TyhhhhfaezeughffddffdbahzeffffdvyIPgea))I(N(N(NQye)))))
Y
(NAv(Az(N(TyhhhhfaezeughxdxbahzeffxvyIPgea))I(N(N(NQye)))))
N
Y
(NAv(Az(N(TyhhhhfaezeughxdxbahzeffxvyIPgea))I(N(N(NQye)))))
Y
(NAv(Az(N(TyhhhhfaezeughxdxbahzeffxvyIPgea))I(N(N(NQye)))))
N
Y
(NAv(Az(N(TfdhhhhfaezeughxdxbahzeffxvfdIPgea))I(N(N(NQfde)))))
Y
(NAv(Az(N(TyhhhhfaezeughxdxbahzeffxvyIPgea))I(N(N(NQye)))))
Y
(NAv(Az(N(TyhhhhfaezeughxdxbahzeffxvyIPgea))I(N(N(NQye)))))
Y
(NAv(Az(N(TyhhhhfaezeughxdxbahzeffxvyIPgea))I(N(N(NQye)))))
Y
(NAv(Az(N(TyhhhhfaezewghxdxbahzeffxvyIPgea))I(N(N(NQye)))))
Y
(NAv(Az(N(TyhhhhfaezeughxdxbahzeffxvyIPgea))I(N(N(NQye)))))
Y
(NAv(Az(N(TyhhhhfaezeughxdxbahzeffxvyIPgea))I(N(N(NQye)))))
Y
(NAv(Az(N(TyhhhhfaezeughxdxbahzeffxvyIPgea))I(N(N(NQye)))))
Y
(NAv(Az(N(TyhhhhfaezeughxdxbahzeffxvyIPgea))I(N(N(NQye)))))
Y
(NAv(Az(N(TyhhhhfaezeughxdxbahzeffxvyIPgea))I(N(N(NQye)))))
Y
(NAv(Az(N(TyhhhhfaezeughedebahzeffevyIPgea))I(N(N(NQye)))))
Y
(NAv(Az(N(TyhhhhfaezeughdddbahzeffdvyIPgea))I(N(N(NQye)))))
Y
(NAv(Az(N(TyhhhhfaezeughxdxbahzeffxvyIPgea))I(N(N(NQye)))))
Y
(NAv(Az(N(TyhhhhfaezeughgbfhceedgbfhceebahzeffgbfhceevyIPgea))I(N(N(NQye)))))
Y
(NAv(Az(N(TyhhhhfaezeughxdxbahzeffxvyIPgea))I(N(N(NQye)))))
Y
(NAv(Az(N(TbhhhhfaezeughxdxbahzeffxvbIPgea))I(N(N(NQbe)))))
Y
(NAv(Az(N(TxhhhhfaezeughxdxbahzeffxvxIPgea))I(N(N(NQxe)))))
Y
(NAv(Az(N(TyhhhhfaezeughxdxbahzeffxvyIPgea))I(N(N(NQye)))))
Y
(NAv(Az(N(TyhhhhfaezeughxdxbahzeffxvyIPgea))I(N(N(NQye)))))
Y
(NAv(Az(N(TchhhhfaezeughxdxbahzeffxvcIPgea))I(N(N(NQce)))))
Y
(NAv(Az(N(TyhhhhfaezeughxdxbahzeffxvyIPgea))I(N(N(NQye)))))
Y
(NAv(Az(N(TyhhhhfaezeughxdxbahzeffxvyIPgea))I(N(N(NQye)))))
Y
(NAv(Az(N(TyhhhhfaezeughxdxbahzeffxvyIPgea))I(N(N(NQye)))))
Y
(NAv(Az(N(TyhhhhfaezeughxdxbahzeffxvyIPgea))I(N(N(NQye)))))
Y
(NAv(Az(N(TyhhhhfaezewghxdxbahzeffxvyIPgea))I(N(N(NQye)))))
N
Y
(NAv(Az(N(TyhhhhfaezeughedebahzeffevyIPgea))I(N(N(NQye)))))
N
Y
(NAv(Az(N(TyhhhhfaezeughxdxbahzeffxvyIPgea))I(N(N(NQye)))))
Y
(NAv(Az(N(TyhhhhfaezeughxdxbahzeffxvyIPgea))I(N(N(NQye)))))
Y
(NAv(Az(N(TyhhhhfaezeughxdxbahzeffxvyIPgea))I(N(N(NQye)))))
N
Y
(NAv(Az(N(TwhhhhfaezeughxdxbahzeffxvwIPgea))I(N(N(NQwe)))))
Y
(NAv(Az(N(TyhhhhfaezeughxdxbahzeffxvyIPgea))I(N(N(NQye)))))
Y
(NAv(Az(N(TyhhhhfaezeughxdxbahzeffxvyIPgea))I(N(N(NQye)))))
Y
(NAv(Az(N(TxhhhhfaezeughxdxbahzeffxvxIPgea))I(N(N(NQxe)))))
Y
(NAv(Az(N(TyhhhhfaezeughydybahzeffyvyIPgea))I(N(N(NQye)))))
Y
(NAv(Az(N(TyhhhhfaezeughdddbahzeffdvyIPgea))I(N(N(NQye)))))
Y
(NAv(Az(N(TyhhhhfaezeughhhdwaccdhhdwaccbahzeffhhdwaccvyIPgea))I(N(N(NQye)))))
Y
(NAv(Az(N(TuhhhhfaezeughxdxbahzeffxvuIPgea))I(N(N(NQue)))))
Y
(NAv(Az(N(TyhhhhfaezeughxdxbahzeffxvyIPgea))I(N(N(NQye)))))
Y
(NAv(Az(N(TyhhhhfaezeeghxdxbahzeffxvyIPgea))I(N(N(NQye)))))
Y
(NAv(Az(N(TyhhhhfaezehweughxdxbahzeffxvyIPgea))I(N(N(NQye)))))
Y
(NAv(Az(N(TyhhhhfaezeughxdxbahzeffxvyIPgea))I(N(N(NQye)))))
N
Y
(NAv(Az(N(TbhhhhfaezeughxdxbahzeffxvbIPgea))I(N(N(NQbe)))))
Y
(NAv(Az(N(TyhhhhfaezeughxdxbahzeffxvyIPgea))I(N(N(NQye)))))
Y
(NAv(Az(N(TyhhhhfaezeughxdxbahzeffxvyIPgea))I(N(N(NQye)))))
N
Y
(NAv(Az(N(TyhhhhfaezeughxdxbahzeffxvyIPgea))I(N(N(NQye)))))
Y
(NAv(Az(N(TyhhhhfaezeughxdxbahzeffxvyIPgea))I(N(N(NQye)))))
Y
(NAv(Az(N(TyhhhhfaezeughxdxbahzeffxvyIPgea))I(N(N(NQye)))))
Y
(NAv(Az(N(TyhhhhfaezeughxdxbahzeffxvyIPgea))I(N(N(NQye)))))
Y
(NAv(Az(N(TyhhhhfaezehdghfyhebcwgydughxdxbahzeffxvyIPgea))I(N(N(NQye)))))
Y
(NAv(Az(N(TyhhhhfaezeughxdxbahzeffxvyIPgea))I(N(N(NQye)))))
Y
(NAv(Az(N(TyhhhhfaezeughxdxbahzeffxvyIPgea))I(N(N(NQye)))))
Y
(NAv(Az(N(TyhhhhfaezeughxdxbahzeffxvyIPgea))I(N(N(NQye)))))
N
Y
(NAv(Az(N(TyhhhhfaezebghxdxbahzeffxvyIPgea))I(N(N(NQye)))))
Y
(NAv(Az(N(TyhhhhfaezeughxdxbahzeffxvyIPgea))I(N(N(NQye)))))
Y
(NAv(Az(N(TyhhhhfaezeughxdxbahzeffxvyIPgea))I(N(N(NQye)))))
Y
(NAv(Az(N(TyhhhhfaezeughxdxbahzeffxvyIPgea))I(N(N(NQye)))))
Y
(NAv(Az(N(TyhhhhfaezeughxdxbahzeffxvyIPgea))I(N(N(NQye)))))
Y
(NAv(Az(N(TyhhhhfaezeughxdxbahzeffxvyIPgea))I(N(N(NQye)))))
Y
(NAv(Az(N(TyhhhhfaezecghxdxbahzeffxvyIPgea))I(N(N(NQye)))))
Y
(NAv(Az(N(TyhhhhfaezeughcdcbahzeffcvyIPgea))I(N(N(NQye)))))
Y
(NAv(Az(N(TyhhhhfaezeughxdxbahzeffxvyIPgea))I(N(N(NQye)))))
Y
(NAv(Az(N(TyhhhhfaezeughxdxbahzeffxvyIPgea))I(N(N(NQye)))))
Y
(NAv(Az(N(TyhhhhfaezeughxdxbahzeffxvyIPgea))I(N(N(NQye)))))
N
Y
(NAxAxAzAz(NRbgyhgyffvhhabfeeefhxvghbfcvfgagfhubaeu))
Y
(NAxAxAzAz(NRbgyhgyffvhhabfeeefhxvghbfcvfgagfhubaed))
Y
(NAxAxAzAz(NRbgyhgyffvhhabfeeefhxvghbfcvfgagfhubaew))
Y
(NAxAxAzAz(NRbggfdfehggfdfeffvhhabfeeefhxvghbfcvfgagfhubaew))
Y
(NAxAxAzAz(NRbgehgeffvhhabfeeefhxvghbfcvfgagfhubaew))
Y
(NAxAxAzAz(NRbgyhgyffvhhabfeeefhxvghbfcvfgagfhfcbaew))
Y
(NAxAxAzAz(NRbgwhgwffvhhabfeeefhxvghbfcvfgagfhubaew))
N
Y
(NAxAxAzAz(NRbgyhgyffvhhabfeeefhxvghbfcvfgagfhubaew))
Y
(NAxAxAzAz(NRbgyhgyffvhhabfeeefhxvghbfcvfgagfhubaew))
Y
(NAxAxAzAz(NRbgyhgyffvhhabfeeefhxvghbfcvfgagfhubaew))
Y
(NAxAxAzAz(NRbgyhgyffvhhabfeeefhxvghbfcvfgagfhubaew))
Y
(NAxAxAzAz(NRbgvhgvffvhhabfeeefhxvghbfcvfgagfhubaew))
Y
(NAxAxAzAz(NRbgyhgyffvhhabfeeefhxvghbfcvfgagfhybaew))
Y
(NAxAxAzAz(NRbgbhgbffvhhabfeeefhxvghbfcvfgagfhubaew))
Y
(NAxAxAzAz(NRbgyhgyffvhhabfeeefhxvghbfcvfgagfhfwbaew))
Y
(NAxAxAzAz(NRbgbhgbffvhhabfeeefhxvghbfcvfgagfhubaew))
Y
(NAxAxAzAz(NRbgyhgyffvhhabfeeefhxvghbfcvfgagfhfwbaew))
Y
(NAxAxAzAz(NRbgyhgyffvhhabfeeefhxvghbfcvfgagfhubaefu))
Y
(NAxAxAzAz(NRbgyhgyffuhhabfeeefhxughbfcufgagfhubaew))
N
Y
(NAxAxAzAz(NRbgahgaffvhhabfeeefhxvghbfcvfgagfhubaew))
Y
(NAxAxAzAz(NRbgyhgyffbhhabfeeefhxbghbfcbfgagfhubaew))
Y
(NAxAxAzAz(NRbgyhgyffvhhabfeeefhxvghbfcvfgagfhubaehaub))
Y
(NAxAxAzAz(NRbgyhgyffvhhabfeeefhxvghbfcvfgagfhfubaew))
Y
(NAxAxAzAz(NRbgyhgyffvhhabfeeefhxvghbfcvfgagfhubaev))
Y
(NAxAxAzAz(NRbgyhgyffvhhabfeeefhxvghbfcvfgagfhubaew))
Y
(NAxAxAzAz(NRbgyhgyffvhhabfeeefhxvghbfcvfgagfhubaew))
Y
(NAxAxAzAz(NRbgyhgyffuhhabfeeefhxughbfcufgagfhubaew))
Y
(NAxAxAzAz(NRbgyhgyffvhhabfeeefhxvghbfcvfgagfhybaew))
Y
(NAxAxAzAz(NRbgyhgyffvhhabfeeefhxvghbfcvfgagfhubaegwfw))
Y
(NAxAxAzAz(NRbgyhgyffvhhabfeeefhxvghbfcvfgagfhubaew))
Y
(NAxAxAzAz(NRbgyhgyffvhhabfeeefhxvghbfcvfgagfhubaec))
Y
(NAxAxAzAz(NRbgyhgyffvhhabfeeefhxvghbfcvfgagfhubaev))
Y
(NAxAxAzAz(NRbgfyhgfyffvhhabfeeefhxvghbfcvfgagfhubaew))
N
Y
(NAxAxAzAz(NRbgyhgyffhwavhhabfeeefhxhwavghbfchwavfgagfhubaew))
Y
(NAxAxAzAz(NRbgyhgyffvhhabfeeefhxvghbfcvfgagfhubaew))
Y
(NAxAxAzAz(NRbgyhgyffvhhabfeeefhxvghbfcvfgagfhubaew))
Y
(NAxAxAzAz(NRbgyhgyffvhhabfeeefhxvghbfcvfgagfhebaew))
Y
(NAxAxAzAz(NRbgyhgyffvhhabfeeefhxvghbfcvfgagfhubaew))
Y
(NAxAxAzAz(NRbgyhgyffvhhabfeeefhxvghbfcvfgagfhubaew))
Y
(NAxAxAzAz(NRbgyhgyffvhhabfeeefhxvghbfcvfgagfhubaey))
Y
(NAxAxAzAz(NRbgwhgwffvhhabfeeefhxvghbfcvfgagfhubaew))
Y
(NAxAxAzAz(NRbgyhgyffvhhabfeeefhxvghbfcvfgagfhubaew))
Y
(NAxAxAzAz(NRbgyhgyffvhhabfeeefhxvghbfcvfgagfhdbaew))
N
Y
(NAxAxAzAz(NRbgyhgyffvhhabfeeefhxvghbfcvfgagfhubaea))
Y
(NAxAxAzAz(NRbgyhgyffdhhabfeeefhxdghbfcdfgagfhubaew))
Y
(NAxAxAzAz(NRbgyhgyffvhhabfeeefhxvghbfcvfgagfhebaew))
Y
(NAxAxAzAz(NRbgyhgyffvhhabfeeefhxvghbfcvfgagfhdbaew))
Y
(NAxAxAzAz(NRbgyhgyffvhhabfeeefhxvghbfcvfgagfhubaew))
Y
(NAxAxAzAz(NRbgyhgyffvhhabfeeefhxvghbfcvfgagfhebaew))
N
Y
(NAxAxAzAz(NRbgyhgyffvhhabfeeefhxvghbfcvfgagfhubaee))
N
Y
(NAxAxAzAz(NRbgyhgyffahhabfeeefhxaghbfcafgagfhubaew))
Y
(NAxAxAzAz(NRbgyhgyffvhhabfeeefhxvghbfcvfgagfhubaeggvcv))
Y
(NAxAxAzAz(NRbgyhgyffvhhabfeeefhxvghbfcvfgagfhubaew))
N
Y
(NAxAxAzAz(NRbgyhgyffvhhabfeeefhxvghbfcvfgagfhubaew))
Y
(NAxAxAzAz(NRbgbhgbffvhhabfeeefhxvghbfcvfgagfhubaew))
N
Y
(NAxAxAzAz(NRbgghbceuhgghbceuffvhhabfeeefhxvghbfcvfgagfhubaew))
Y
(NAxAxAzAz(NRbgfghcywfuhgfghcywfuffvhhabfeeefhxvghbfcvfgagfhubaew))
Y
(NAxAxAzAz(NRbgyhgyffvhhabfeeefhxvghbfcvfgagfhubaew))
Y
(NAxAxAzAz(NRbgyhgyffvhhabfeeefhxvghbfcvfgagfhvbaew))
N
N
N
Y
(NAxAxAzAz(NRbgyhgyffvhhabfeeefhxvghbfcvfgagfhfbbaew))
Y
(NAxAxAzAz(NRbgyhgyffvhhabfeeefhxvghbfcvfgagfhubaew))
Y
(NAxAxAzAz(NRbgyhgyffvhhabfeeefhxvghbfcvfgagfhubaew))
Y
(NAxAxAzAz(NRbgyhgyffahhabfeeefhxaghbfcafgagfhubaew))
Y
(NAxAxAzAz(NRbgyhgyffvhhabfeeefhxvghbfcvfgagfhubaew))
Y
(NAxAxAzAz(NRbgfdhgfdffvhhabfeeefhxvghbfcvfgagfhubaew))
N
Y
(NAxAxAzAz(NRbgyhgyffvhhabfeeefhxvghbfcvfgagfhubaew))
Y
(NAxAxAzAz(NRbgyhgyffvhhabfeeefhxvghbfcvfgagfhubaew))
Y
(NAxAxAzAz(NRbgyhgyffvhhabfeeefhxvghbfcvfgagfhubaew))
Y
(NAxAxAzAz(NRbgyhgyffvhhabfeeefhxvghbfcvfgagfhubaew))
Y
(NAxAxAzAz(NRbgyhgyffbhhabfeeefhxbghbfcbfgagfhubaew))
Y
(NAxAxAzAz(NRbgyhgyffvhhabfeeefhxvghbfcvfgagfhabaew))
Y
(NAxAxAzAz(NRbgyhgyffvhhabfeeefhxvghbfcvfgagfhubaew))
N
N
Y
(NAxAxAzAz(NRbgyhgyffvhhabfeeefhxvghbfcvfgagfhubaev))
Y
(NAxAxAzAz(NRbgyhgyffvhhabfeeefhxvghbfcvfgagfhubaew))
Y
(NAxAxAzAz(NRbgyhgyffvhhabfeeefhxvghbfcvfgagfhubaew))
Y
(NAxAxAzAz(NRbgyhgyffvhhabfeeefhxvghbfcvfgagfhubaew))
N
Y
(NAxAxAzAz(NRbgahgaffvhhabfeeefhxvghbfcvfgagfhubaew))
Y
(NAxAxAzAz(NRbgyhgyffvhhabfeeefhxvghbfcvfgagfhubaew))
Y
(NAxAxAzAz(NRbgahgaffvhhabfeeefhxvghbfcvfgagfhubaew))
Y
(NAxAxAzAz(NRbgyhgyffvhhabfeeefhxvghbfcvfgagfhubaew))
N
Y
(NAxAxAzAz(NRbgyhgyffvhhabfeeefhxvghbfcvfgagfhubaed))
Y
(NAxAxAzAz(NRbgyhgyffgcgegfafwhhabfeeefhxgcgegfafwghbfcgcgegfafwfgagfhubaew))
Y
(NAxAxAzAz(NRbgyhgyffchhabfeeefhxcghbfccfgagfhubaew))
N
N
Y
(((NAvSdhffdhhhfwwcxfffdfzbb)I((NAuAxRcda)IAzAvAxRcaz))I((NAz(NAxSahhyyxxx))I((NAwAvTgbxeu)IPz)))
Y
(((NAvSdhffdhhhfwwcxfffdfzbb)I((NAuAxRcda)IAzAvAxRcaz))I((NAz(NAxSahhyyxxx))I((NAwAvTgbxeu)IPz)))
Y
(((NAvSdhffdhhhfddcxfffdfzbb)I((NAuAxRcda)IAzAvAxRcaz))I((NAz(NAxSahhyyxxx))I((NAwAvTgbxeu)IPz)))
N
Y
(((NAvSdhffdhhhfwwcxfffdfzbb)I((NAuAxRcda)IAzAvAxRcaz))I((NAz(NAxSahhffaffaxxx))I((NAwAvTgbxeu)IPz)))
N
Y
(((NAvSdhffdhhhfhwabhwabcxfffdfzbb)I((NAuAxRcda)IAzAvAxRcaz))I((NAz(NAxSahhyyxxx))I((NAwAvTgbxeu)IPz)))
Y
(((NAvSdhffdhhhfwwcxfffdfubb)I((NAuAxRcda)IAzAvAxRcaz))I((NAz(NAxSahhyyxxx))I((NAwAvTgbxeu)IPu)))
Y
(((NAvSdhffdhhhfwwcdfffdfzbb)I((NAuAxRcda)IAzAvAxRcaz))I((NAz(NAxSahhyyxxx))I((NAwAvTgbdeu)IPz)))
Y
(((NAvSdhffdhhhfwwccfffdfzbb)I((NAuAxRcda)IAzAvAxRcaz))I((NAz(NAxSahhyyxxx))I((NAwAvTgbceu)IPz)))
Y
(((NAvSdhffdhhhfuucxfffdfzbb)I((NAuAxRcda)IAzAvAxRcaz))I((NAz(NAxSahhyyxxx))I((NAwAvTgbxeu)IPz)))
Y
(((NAvSdhffdhhhfzzcxfffdfzbb)I((NAuAxRcda)IAzAvAxRcaz))I((NAz(NAxSahhyyxxx))I((NAwAvTgbxeu)IPz)))
Y
(((NAvSdhffdhhhfwwcxfffdfbbb)I((NAuAxRcda)IAzAvAxRcaz))I((NAz(NAxSahhyyxxx))I((NAwAvTgbxeu)IPb)))
Y
(((NAvSdhffdhhhfwwcxfffdfabb)I((NAuAxRcda)IAzAvAxRcaz))I((NAz(NAxSahhyyxxx))I((NAwAvTgbxeu)IPa)))
Y
(((NAvSdhffdhhhfwwcyfffdfzbb)I((NAuAxRcda)IAzAvAxRcaz))I((NAz(NAxSahhyyxxx))I((NAwAvTgbyeu)IPz)))
N
Y
(((NAvSdhffdhhhfwwcgebfffdfzbb)I((NAuAxRcda)IAzAvAxRcaz))I((NAz(NAxSahhyyxxx))I((NAwAvTgbgebeu)IPz)))
N
Y
(((NAvSdhffdhhhfbbcxfffdfzbb)I((NAuAxRcda)IAzAvAxRcaz))I((NAz(NAxSahhyyxxx))I((NAwAvTgbxeu)IPz)))
Y
(((NAvSdhffdhhhfwwcxfffdfzbb)I((NAuAxRcda)IAzAvAxRcaz))I((NAz(NAxSahhyyxxx))I((NAwAvTgbxeu)IPz)))
Y
(((NAvSdhffdhhhfwwcxfffdfgdhcwbbb)I((NAuAxRcda)IAzAvAxRcaz))I((NAz(NAxSahhyyxxx))I((NAwAvTgbxeu)IPgdhcwb)))
Y
(((NAvSdhffdhhhfwwcxfffdfzbb)I((NAuAxRcda)IAzAvAxRcaz))I((NAz(NAxSahhyyxxx))I((NAwAvTgbxea)IPz)))
Y
(((NAvSdhffdhhhfwwcxfffdfebb)I((NAuAxRcda)IAzAvAxRcaz))I((NAz(NAxSahhyyxxx))I((NAwAvTgbxeu)IPe)))
Y
(((NAvSdhffdhhhfyycxfffdfzbb)I((NAuAxRcda)IAzAvAxRcaz))I((NAz(NAxSahhyyxxx))I((NAwAvTgbxeu)IPz)))
Y
(((NAvSdhffdhhhfwwcxfffdfzbb)I((NAuAxRcda)IAzAvAxRcaz))I((NAz(NAxSahhfdfdxxx))I((NAwAvTgbxeu)IPz)))
Y
(((NAvSdhffdhhhfwwcxfffdfebb)I((NAuAxRcda)IAzAvAxRcaz))I((NAz(NAxSahhyyxxx))I((NAwAvTgbxeu)IPe)))
Y
(((NAvSdhffdhhhfwwcafffdfzbb)I((NAuAxRcda)IAzAvAxRcaz))I((NAz(NAxSahhyyxxx))I((NAwAvTgbaeu)IPz)))
Y
(((NAvSdhffdhhhfwwcafffdfzbb)I((NAuAxRcda)IAzAvAxRcaz))I((NAz(NAxSahhyyxxx))I((NAwAvTgbaeu)IPz)))
Y
(((NAvSdhffdhhhfwwcxfffdfzbb)I((NAuAxRcda)IAzAvAxRcaz))I((NAz(NAxSahhyyxxx))I((NAwAvTgbxeu)IPz)))
N
Y
(((NAvSdhffdhhhfwwcxfffdfzbb)I((NAuAxRcda)IAzAvAxRcaz))I((NAz(NAxSahhyyxxx))I((NAwAvTgbxeu)IPz)))
Y
(((NAvSdhffdhhhfwwcxfffdfbbb)I((NAuAxRcda)IAzAvAxRcaz))I((NAz(NAxSahhyyxxx))I((NAwAvTgbxeu)IPb)))
Y
(((NAvSdhffdhhhfwwcxfffdfzbb)I((NAuAxRcda)IAzAvAxRcaz))I((NAz(NAxSahhyyxxx))I((NAwAvTgbxeu)IPz)))
N
Y
(((NAvSdhffdhhhfwwcxfffdfzbb)I((NAuAxRcda)IAzAvAxRcaz))I((NAz(NAxSahhyyxxx))I((NAwAvTgbxeu)IPz)))
Y
(((NAvSdhffdhhhfwwcfcfffdfzbb)I((NAuAxRcda)IAzAvAxRcaz))I((NAz(NAxSahhyyxxx))I((NAwAvTgbfceu)IPz)))
N
N
Y
(((NAvSdhffdhhhfwwcxfffdfzbb)I((NAuAxRcda)IAzAvAxRcaz))I((NAz(NAxSahhbbxxx))I((NAwAvTgbxeu)IPz)))
Y
(((NAvSdhffdhhhfwwcxfffdfzbb)I((NAuAxRcda)IAzAvAxRcaz))I((NAz(NAxSahhyyxxx))I((NAwAvTgbxefhccd)IPz)))
Y
(((NAvSdhffdhhhfwwcxfffdfzbb)I((NAuAxRcda)IAzAvAxRcaz))I((NAz(NAxSahhyyxxx))I((NAwAvTgbxehxuu)IPz)))
Y
(((NAvSdhffdhhhfwwcdfffdfzbb)I((NAuAxRcda)IAzAvAxRcaz))I((NAz(NAxSahhyyxxx))I((NAwAvTgbdeu)IPz)))
N
Y
(((NAvSdhffdhhhfwwcxfffdfhegufxhzfwfhchaabebb)I((NAuAxRcda)IAzAvAxRcaz))I((NAz(NAxSahhyyxxx))I((NAwAvTgbxeu)IPhegufxhzfwfhchaabe)))
Y
(((NAvSdhffdhhhfwwcxfffdfzbb)I((NAuAxRcda)IAzAvAxRcaz))I((NAz(NAxSahhyyxxx))I((NAwAvTgbxec)IPz)))
Y
(((NAvSdhffdhhhfwwczfffdfzbb)I((NAuAxRcda)IAzAvAxRcaz))I((NAz(NAxSahhyyxxx))I((NAwAvTgbzeu)IPz)))
N
Y
(((NAvSdhffdhhhfwwcxfffdfzbb)I((NAuAxRcda)IAzAvAxRcaz))I((NAz(NAxSahhccxxx))I((NAwAvTgbxeu)IPz)))
Y
(((NAvSdhffdhhhfbbcxfffdfzbb)I((NAuAxRcda)IAzAvAxRcaz))I((NAz(NAxSahhyyxxx))I((NAwAvTgbxeu)IPz)))
Y
(((NAvSdhffdhhhfwwcxfffdfzbb)I((NAuAxRcda)IAzAvAxRcaz))I((NAz(NAxSahhyyxxx))I((NAwAvTgbxeu)IPz)))
Y
(((NAvSdhffdhhhfwwcxfffdfzbb)I((NAuAxRcda)IAzAvAxRcaz))I((NAz(NAxSahhyyxxx))I((NAwAvTgbxeu)IPz)))
Y
(((NAvSdhffdhhhfwwcbfffdfzbb)I((NAuAxRcda)IAzAvAxRcaz))I((NAz(NAxSahhyyxxx))I((NAwAvTgbbeu)IPz)))
Y
(((NAvSdhffdhhhfwwcxfffdfzbb)I((NAuAxRcda)IAzAvAxRcaz))I((NAz(NAxSahhyyxxx))I((NAwAvTgbxed)IPz)))
Y
(((NAvSdhffdhhhfwwcxfffdfzbb)I((NAuAxRcda)IAzAvAxRcaz))I((NAz(NAxSahhyyxxx))I((NAwAvTgbxeu)IPz)))
Y
(((NAvSdhffdhhhfwwcxfffdfzbb)I((NAuAxRcda)IAzAvAxRcaz))I((NAz(NAxSahheexxx))I((NAwAvTgbxeu)IPz)))
Y
(((NAvSdhffdhhhfwwcxfffdfzbb)I((NAuAxRcda)IAzAvAxRcaz))I((NAz(NAxSahhyyxxx))I((NAwAvTgbxeu)IPz)))
Y
(((NAvSdhffdhhhfwwcxfffdfzbb)I((NAuAxRcda)IAzAvAxRcaz))I((NAz(NAxSahhyyxxx))I((NAwAvTgbxeu)IPz)))
N
N
Y
(((NAvSdhffdhhhfwwcxfffdfzbb)I((NAuAxRcda)IAzAvAxRcaz))I((NAz(NAxSahhyyxxx))I((NAwAvTgbxey)IPz)))
Y
(((NAvSdhffdhhhfwwcxfffdfzbb)I((NAuAxRcda)IAzAvAxRcaz))I((NAz(NAxSahhyyxxx))I((NAwAvTgbxeu)IPz)))
Y
(((NAvSdhffdhhhfwwcxfffdfzbb)I((NAuAxRcda)IAzAvAxRcaz))I((NAz(NAxSahhyyxxx))I((NAwAvTgbxeu)IPz)))
Y
(((NAvSdhffdhhhfwwcxfffdfzbb)I((NAuAxRcda)IAzAvAxRcaz))I((NAz(NAxSahhbbxxx))I((NAwAvTgbxeu)IPz)))
N
N
Y
(((NAvSdhffdhhhfwwcxfffdfzbb)I((NAuAxRcda)IAzAvAxRcaz))I((NAz(NAxSahhyyxxx))I((NAwAvTgbxeu)IPz)))
Y
(((NAvSdhffdhhhfwwcxfffdfzbb)I((NAuAxRcda)IAzAvAxRcaz))I((NAz(NAxSahhyyxxx))I((NAwAvTgbxeu)IPz)))
Y
(((NAvSdhffdhhhfwwcxfffdfzbb)I((NAuAxRcda)IAzAvAxRcaz))I((NAz(NAxSahhddxxx))I((NAwAvTgbxeu)IPz)))
Y
(((NAvSdhffdhhhfaacxfffdfzbb)I((NAuAxRcda)IAzAvAxRcaz))I((NAz(NAxSahhyyxxx))I((NAwAvTgbxeu)IPz)))
Y
(((NAvSdhffdhhhfwwcxfffdfggfezfebb)I((NAuAxRcda)IAzAvAxRcaz))I((NAz(NAxSahhyyxxx))I((NAwAvTgbxeu)IPggfezfe)))
N
Y
(((NAvSdhffdhhhfcccxfffdfzbb)I((NAuAxRcda)IAzAvAxRcaz))I((NAz(NAxSahhyyxxx))I((NAwAvTgbxeu)IPz)))
N
Y
(((NAvSdhffdhhhfwwcxfffdfzbb)I((NAuAxRcda)IAzAvAxRcaz))I((NAz(NAxSahhyyxxx))I((NAwAvTgbxeu)IPz)))
Y
(((NAvSdhffdhhhfwwcxfffdfbbb)I((NAuAxRcda)IAzAvAxRcaz))I((NAz(NAxSahhyyxxx))I((NAwAvTgbxeu)IPb)))
Y
(((NAvSdhffdhhhfwwcxfffdfzbb)I((NAuAxRcda)IAzAvAxRcaz))I((NAz(NAxSahhyyxxx))I((NAwAvTgbxefd)IPz)))
Y
(((NAvSdhffdhhhfhebehebecxfffdfzbb)I((NAuAxRcda)IAzAvAxRcaz))I((NAz(NAxSahhyyxxx))I((NAwAvTgbxeu)IPz)))
Y
(((NAvSdhffdhhhfwwcdfffdfzbb)I((NAuAxRcda)IAzAvAxRcaz))I((NAz(NAxSahhyyxxx))I((NAwAvTgbdeu)IPz)))
Y
(((NAvSdhffdhhhfwwcxfffdfxbb)I((NAuAxRcda)IAzAvAxRcaz))I((NAz(NAxSahhyyxxx))I((NAwAvTgbxeu)IPx)))
Y
(((NAvSdhffdhhhfwwczfffdfzbb)I((NAuAxRcda)IAzAvAxRcaz))I((NAz(NAxSahhyyxxx))I((NAwAvTgbzeu)IPz)))
Y
(((NAvSdhffdhhhfeecxfffdfzbb)I((NAuAxRcda)IAzAvAxRcaz))I((NAz(NAxSahhyyxxx))I((NAwAvTgbxeu)IPz)))
N
Y
(((NAvSdhffdhhhfwwcxfffdfzbb)I((NAuAxRcda)IAzAvAxRcaz))I((NAz(NAxSahhyyxxx))I((NAwAvTgbxefgyfb)IPz)))
Y
(((NAvSdhffdhhhfwwcxfffdfzbb)I((NAuAxRcda)IAzAvAxRcaz))I((NAz(NAxSahhbbxxx))I((NAwAvTgbxeu)IPz)))
Y
(((NAvSdhffdhhhfwwcxfffdfzbb)I((NAuAxRcda)IAzAvAxRcaz))I((NAz(NAxSahhyyxxx))I((NAwAvTgbxefz)IPz)))
Y
(((NAvSdhffdhhhfwwcxfffdfzbb)I((NAuAxRcda)IAzAvAxRcaz))I((NAz(NAxSahhwwxxx))I((NAwAvTgbxeu)IPz)))
Y
(((NAvSdhffdhhhfwwcxfffdfabb)I((NAuAxRcda)IAzAvAxRcaz))I((NAz(NAxSahhyyxxx))I((NAwAvTgbxeu)IPa)))
Y
(((NAvSdhffdhhhfwwcxfffdfzbb)I((NAuAxRcda)IAzAvAxRcaz))I((NAz(NAxSahhyyxxx))I((NAwAvTgbxee)IPz)))
Y
(((NAvSdhffdhhhfeecxfffdfzbb)I((NAuAxRcda)IAzAvAxRcaz))I((NAz(NAxSahhyyxxx))I((NAwAvTgbxeu)IPz)))
Y
(((NAvSdhffdhhhfwwcxfffdfzbb)I((NAuAxRcda)IAzAvAxRcaz))I((NAz(NAxSahhyyxxx))I((NAwAvTgbxeu)IPz)))
N
Y
(((NAvSdhffdhhhfddcxfffdfzbb)I((NAuAxRcda)IAzAvAxRcaz))I((NAz(NAxSahhyyxxx))I((NAwAvTgbxeu)IPz)))
N
Y
(((NAvSdhffdhhhfwwcxfffdfzbb)I((NAuAxRcda)IAzAvAxRcaz))I((NAz(NAxSahhaaxxx))I((NAwAvTgbxeu)IPz)))
N
Y
(((NAvSdhffdhhhfwwcxfffdfhdbwbb)I((NAuAxRcda)IAzAvAxRcaz))I((NAz(NAxSahhyyxxx))I((NAwAvTgbxeu)IPhdbw)))
Y
(((NAvSdhffdhhhfwwcxfffdfgzabb)I((NAuAxRcda)IAzAvAxRcaz))I((NAz(NAxSahhyyxxx))I((NAwAvTgbxeu)IPgza)))
N
Y
(((NAvSdhffdhhhfwwcxfffdfzbb)I((NAuAxRcda)IAzAvAxRcaz))I((NAz(NAxSahhyyxxx))I((NAwAvTgbxeu)IPz)))
Y
(N(AyAuAw(PuIRyud)IAu((NAzPfc)I(AwPhwbuI(NSuv)))))
Y
(N(AyAuAw(PuIRyud)IAu((NAzPfy)I(AwPhwbuI(NSuz)))))
Y
(N(AyAuAw(PuIRyud)IAu((NAzPfy)I(AwPhwbuI(NSuv)))))
Y
(N(AyAuAw(PuIRyud)IAu((NAzPfy)I(AwPhwbuI(NSuw)))))
Y
(N(AyAuAw(PuIRyud)IAu((NAzPfy)I(AwPhwbuI(NSuv)))))
Y
(N(AyAuAw(PuIRyud)IAu((NAzPfy)I(AwPhwbuI(NSuv)))))
Y
(N(AyAuAw(PuIRyud)IAu((NAzPfy)I(AwPhwbuI(NSuv)))))
Y
(N(AyAuAw(PuIRyud)IAu((NAzPfy)I(AwPhwbuI(NSuv)))))
Y
(N(AyAuAw(PuIRyud)IAu((NAzPfy)I(AwPhwbuI(NSuv)))))
Y
(N(AyAuAw(PuIRyud)IAu((NAzPfy)I(AwPhwbuI(NSuv)))))
Y
(N(AyAuAw(PuIRyud)IAu((NAzPfy)I(AwPhwbuI(NSuv)))))
Y
(N(AyAuAw(PuIRyud)IAu((NAzPfffb)I(AwPhwbuI(NSuv)))))
Y
(N(AyAuAw(PuIRyud)IAu((NAzPfy)I(AwPhwbuI(NSua)))))
Y
(N(AyAuAw(PuIRyud)IAu((NAzPfy)I(AwPhwbuI(NSuv)))))
Y
(N(AyAuAw(PuIRyud)IAu((NAzPfy)I(AwPhwbuI(NSuv)))))
Y
(N(AyAuAw(PuIRyud)IAu((NAzPfy)I(AwPhwbuI(NSuc)))))
Y
(N(AyAuAw(PuIRyud)IAu((NAzPfy)I(AwPhwbuI(NSuv)))))
Y
(N(AyAuAw(PuIRyud)IAu((NAzPfy)I(AwPhwbuI(NSuv)))))
Y
(N(AyAuAw(PuIRyud)IAu((NAzPfy)I(AwPhwbuI(NSuv)))))
Y
(N(AyAuAw(PuIRyud)IAu((NAzPfy)I(AwPhwbuI(NSuv)))))
Y
(N(AyAuAw(PuIRyud)IAu((NAzPfd)I(AwPhwbuI(NSuv)))))
Y
(N(AyAuAw(PuIRyud)IAu((NAzPfy)I(AwPhwbuI(NSuv)))))
Y
(N(AyAuAw(PuIRyud)IAu((NAzPfy)I(AwPhwbuI(NSuv)))))
Y
(N(AyAuAw(PuIRyud)IAu((NAzPfy)I(AwPhwbuI(NSuv)))))
Y
(N(AyAuAw(PuIRyud)IAu((NAzPfb)I(AwPhwbuI(NSuv)))))
Y
(N(AyAuAw(PuIRyud)IAu((NAzPfy)I(AwPhwbuI(NSugyy)))))
Y
(N(AyAuAw(PuIRyud)IAu((NAzPfy)I(AwPhwbuI(NSufw)))))
Y
(N(AyAuAw(PuIRyud)IAu((NAzPfy)I(AwPhwbuI(NSuv)))))
Y
(N(AyAuAw(PuIRyud)IAu((NAzPfy)I(AwPhwbuI(NSuv)))))
Y
(N(AyAuAw(PuIRyud)IAu((NAzPfy)I(AwPhwbuI(NSuv)))))
Y
(N(AyAuAw(PuIRyud)IAu((NAzPfy)I(AwPhwbuI(NSuv)))))
Y
(N(AyAuAw(PuIRyud)IAu((NAzPfy)I(AwPhwbuI(NSuv)))))
Y
(N(AyAuAw(PuIRyud)IAu((NAzPfy)I(AwPhwbuI(NSuv)))))
Y
(N(AyAuAw(PuIRyud)IAu((NAzPfy)I(AwPhwbuI(NSuv)))))
Y
(N(AyAuAw(PuIRyud)IAu((NAzPfy)I(AwPhwbuI(NSuv)))))
Y
(N(AyAuAw(PuIRyud)IAu((NAzPfy)I(AwPhwbuI(NSuv)))))
Y
(N(AyAuAw(PuIRyud)IAu((NAzPfy)I(AwPhwbuI(NSuv)))))
Y
(N(AyAuAw(PuIRyud)IAu((NAzPfy)I(AwPhwbuI(NSuv)))))
Y
(N(AyAuAw(PuIRyud)IAu((NAzPfy)I(AwPhwbuI(NSuv)))))
Y
(N(AyAuAw(PuIRyud)IAu((NAzPfy)I(AwPhwbuI(NSuv)))))
Y
(N(AyAuAw(PuIRyud)IAu((NAzPfy)I(AwPhwbuI(NSuv)))))
Y
(N(AyAuAw(PuIRyud)IAu((NAzPfy)I(AwPhwbuI(NSuw)))))
N
Y
(N(AyAuAw(PuIRyud)IAu((NAzPfe)I(AwPhwbuI(NSuv)))))
Y
(N(AyAuAw(PuIRyud)IAu((NAzPfy)I(AwPhwbuI(NSuz)))))
N
Y
(N(AyAuAw(PuIRyud)IAu((NAzPfy)I(AwPhwbuI(NSuv)))))
Y
(N(AyAuAw(PuIRyud)IAu((NAzPfy)I(AwPhwbuI(NSuv)))))
N
Y
(N(AyAuAw(PuIRyud)IAu((NAzPfy)I(AwPhwbuI(NSuv)))))
Y
(N(AyAuAw(PuIRyud)IAu((NAzPfgfdv)I(AwPhwbuI(NSuv)))))
Y
(N(AyAuAw(PuIRyud)IAu((NAzPfy)I(AwPhwbuI(NSuv)))))
Y
(N(AyAuAw(PuIRyud)IAu((NAzPfy)I(AwPhwbuI(NSuv)))))
Y
(N(AyAuAw(PuIRyud)IAu((NAzPfy)I(AwPhwbuI(NSuv)))))
Y
(N(AyAuAw(PuIRyud)IAu((NAzPfy)I(AwPhwbuI(NSuv)))))
Y
(N(AyAuAw(PuIRyud)IAu((NAzPfy)I(AwPhwbuI(NSuv)))))
Y
(N(AyAuAw(PuIRyud)IAu((NAzPfy)I(AwPhwbuI(NSuv)))))
Y
(N(AyAuAw(PuIRyud)IAu((NAzPfy)I(AwPhwbuI(NSuv)))))
Y
(N(AyAuAw(PuIRyud)IAu((NAzPfy)I(AwPhwbuI(NSuv)))))
Y
(N(AyAuAw(PuIRyud)IAu((NAzPfy)I(AwPhwbuI(NSuv)))))
Y
(N(AyAuAw(PuIRyud)IAu((NAzPfy)I(AwPhwbuI(NSuv)))))
Y
(N(AyAuAw(PuIRyud)IAu((NAzPfy)I(AwPhwbuI(NSughyghzhddxfgxageeey)))))
Y
(N(AyAuAw(PuIRyud)IAu((NAzPfy)I(AwPhwbuI(NSuv)))))
Y
(N(AyAuAw(PuIRyud)IAu((NAzPfy)I(AwPhwbuI(NSuv)))))
Y
(N(AyAuAw(PuIRyud)IAu((NAzPfy)I(AwPhwbuI(NSuv)))))
N
Y
(N(AyAuAw(PuIRyud)IAu((NAzPfy)I(AwPhwbuI(NSuv)))))
Y
(N(AyAuAw(PuIRyud)IAu((NAzPfx)I(AwPhwbuI(NSuv)))))
Y
(N(AyAuAw(PuIRyud)IAu((NAzPfy)I(AwPhwbuI(NSuv)))))
Y
(N(AyAuAw(PuIRyud)IAu((NAzPfy)I(AwPhwbuI(NSuv)))))
Y
(N(AyAuAw(PuIRyud)IAu((NAzPfy)I(AwPhwbuI(NSuv)))))
Y
(N(AyAuAw(PuIRyud)IAu((NAzPfy)I(AwPhwbuI(NSuv)))))
Y
(N(AyAuAw(PuIRyud)IAu((NAzPfy)I(AwPhwbuI(NSuv)))))
Y
(N(AyAuAw(PuIRyud)IAu((NAzPfy)I(AwPhwbuI(NSuv)))))
Y
(N(AyAuAw(PuIRyud)IAu((NAzPfy)I(AwPhwbuI(NSuv)))))
Y
(N(AyAuAw(PuIRyud)IAu((NAzPffa)I(AwPhwbuI(NSuv)))))
Y
(N(AyAuAw(PuIRyud)IAu((NAzPfw)I(AwPhwbuI(NSuv)))))
Y
(N(AyAuAw(PuIRyud)IAu((NAzPfy)I(AwPhwbuI(NSuv)))))
Y
(N(AyAuAw(PuIRyud)IAu((NAzPfy)I(AwPhwbuI(NSuv)))))
Y
(N(AyAuAw(PuIRyud)IAu((NAzPfy)I(AwPhwbuI(NSuv)))))
Y
(N(AyAuAw(PuIRyud)IAu((NAzPfy)I(AwPhwbuI(NSuv)))))
Y
(N(AyAuAw(PuIRyud)IAu((NAzPfy)I(AwPhwbuI(NSuc)))))
Y
(N(AyAuAw(PuIRyud)IAu((NAzPfy)I(AwPhwbuI(NSuv)))))
Y
(N(AyAuAw(PuIRyud)IAu((NAzPfy)I(AwPhwbuI(NSuv)))))
Y
(N(AyAuAw(PuIRyud)IAu((NAzPfy)I(AwPhwbuI(NSuv)))))
Y
(N(AyAuAw(PuIRyud)IAu((NAzPfy)I(AwPhwbuI(NSuv)))))
Y
(N(AyAuAw(PuIRyud)IAu((NAzPfy)I(AwPhwbuI(NSuv)))))
Y
(N(AyAuAw(PuIRyud)IAu((NAzPfy)I(AwPhwbuI(NSuv)))))
Y
(N(AyAuAw(PuIRyud)IAu((NAzPfy)I(AwPhwbuI(NSuv)))))
Y
(N(AyAuAw(PuIRyud)IAu((NAzPfy)I(AwPhwbuI(NSuv)))))
Y
(N(AyAuAw(PuIRyud)IAu((NAzPfy)I(AwPhwbuI(NSuv)))))
Y
(N(AyAuAw(PuIRyud)IAu((NAzPfy)I(AwPhwbuI(NSuw)))))
Y
(N(AyAuAw(PuIRyud)IAu((NAzPfy)I(AwPhwbuI(NSuv)))))
Y
(N(AyAuAw(PuIRyud)IAu((NAzPfy)I(AwPhwbuI(NSuv)))))
N
Y
(N(AyAuAw(PuIRyud)IAu((NAzPfy)I(AwPhwbuI(NSuv)))))
Y
(N(AyAuAw(PuIRyud)IAu((NAzPfy)I(AwPhwbuI(NSuv)))))
Y
(N(AyAuAw(PuIRyud)IAu((NAzPfy)I(AwPhwbuI(NSuv)))))
Y
(N(AyAuAw(PuIRyud)IAu((NAzPfy)I(AwPhwbuI(NSuv)))))
Y
(N(AyAuAw(PuIRyud)IAu((NAzPfy)I(AwPhwbuI(NSuv)))))
